#
# There is insufficient memory for the Java Runtime Environment to continue.
# Native memory allocation (malloc) failed to allocate 797344 bytes for Chunk::new
# Possible reasons:
#   The system is out of physical RAM or swap space
#   In 32 bit mode, the process size limit was hit
# Possible solutions:
#   Reduce memory load on the system
#   Increase physical memory or swap space
#   Check if swap backing store is full
#   Use 64 bit Java on a 64 bit OS
#   Decrease Java heap size (-Xmx/-Xms)
#   Decrease number of Java threads
#   Decrease Java thread stack sizes (-Xss)
#   Set larger code cache with -XX:ReservedCodeCacheSize=
# This output file may be truncated or incomplete.
#
#  Out of Memory Error (allocation.cpp:390), pid=4500, tid=0x0000000000002218
#
# JRE version: OpenJDK Runtime Environment (8.0_152-b01) (build 1.8.0_152-release-915-b01)
# Java VM: OpenJDK 64-Bit Server VM (25.152-b01 mixed mode windows-amd64 compressed oops)
# Failed to write core dump. Minidumps are not enabled by default on client versions of Windows
#

---------------  T H R E A D  ---------------

Current thread (0x00000000154ef800):  JavaThread "C2 CompilerThread1" daemon [_thread_in_native, id=8728, stack(0x0000000016c30000,0x0000000016d30000)]

Stack: [0x0000000016c30000,0x0000000016d30000]
[error occurred during error reporting (printing stack bounds), id 0xc0000005]

Native frames: (J=compiled Java code, j=interpreted, Vv=VM code, C=native code)


Current CompileTask:
C2:   5754 1250   !   4       com.android.dx.cf.code.BytecodeArray::parseInstruction (2764 bytes)


---------------  P R O C E S S  ---------------

Java Threads: ( => current thread )
  0x00000000170d6000 JavaThread "pool-1-thread-4" [_thread_in_Java, id=5364, stack(0x0000000017830000,0x0000000017930000)]
  0x00000000170cf000 JavaThread "pool-1-thread-3" [_thread_in_Java, id=6048, stack(0x0000000017730000,0x0000000017830000)]
  0x00000000170b3800 JavaThread "pool-1-thread-2" [_thread_in_Java, id=10008, stack(0x0000000017630000,0x0000000017730000)]
  0x00000000170ae000 JavaThread "pool-2-thread-1" [_thread_blocked, id=9756, stack(0x0000000017530000,0x0000000017630000)]
  0x0000000017082000 JavaThread "pool-1-thread-1" [_thread_in_Java, id=5308, stack(0x0000000017430000,0x0000000017530000)]
  0x0000000016e58800 JavaThread "Service Thread" daemon [_thread_blocked, id=8712, stack(0x0000000017230000,0x0000000017330000)]
  0x00000000154f8800 JavaThread "C1 CompilerThread2" daemon [_thread_blocked, id=6860, stack(0x0000000016d30000,0x0000000016e30000)]
=>0x00000000154ef800 JavaThread "C2 CompilerThread1" daemon [_thread_in_native, id=8728, stack(0x0000000016c30000,0x0000000016d30000)]
  0x00000000154ec800 JavaThread "C2 CompilerThread0" daemon [_thread_in_native, id=4608, stack(0x0000000016b30000,0x0000000016c30000)]
  0x00000000154ea800 JavaThread "Attach Listener" daemon [_thread_blocked, id=2496, stack(0x0000000016a30000,0x0000000016b30000)]
  0x00000000154e9800 JavaThread "Signal Dispatcher" daemon [_thread_blocked, id=5196, stack(0x0000000016930000,0x0000000016a30000)]
  0x0000000002e1d000 JavaThread "Finalizer" daemon [_thread_blocked, id=5684, stack(0x0000000016750000,0x0000000016850000)]
  0x0000000002e12000 JavaThread "Reference Handler" daemon [_thread_blocked, id=1468, stack(0x0000000016650000,0x0000000016750000)]
  0x0000000000fde000 JavaThread "main" [_thread_in_Java, id=6668, stack(0x0000000002c20000,0x0000000002d20000)]

Other Threads:
  0x00000000154b5000 VMThread [stack: 0x0000000016550000,0x0000000016650000] [id=6756]
  0x0000000015523000 WatcherThread [stack: 0x0000000017330000,0x0000000017430000] [id=7892]

VM state:not at safepoint (normal execution)

VM Mutex/Monitor currently owned by a thread: None

Heap:
 PSYoungGen      total 28160K, used 24298K [0x00000000eab00000, 0x00000000ee200000, 0x0000000100000000)
  eden space 24576K, 84% used [0x00000000eab00000,0x00000000ebf3fda0,0x00000000ec300000)
  from space 3584K, 99% used [0x00000000ec680000,0x00000000ec9faad8,0x00000000eca00000)
  to   space 3584K, 0% used [0x00000000ec300000,0x00000000ec300000,0x00000000ec680000)
 ParOldGen       total 64512K, used 5735K [0x00000000c0000000, 0x00000000c3f00000, 0x00000000eab00000)
  object space 64512K, 8% used [0x00000000c0000000,0x00000000c0599e90,0x00000000c3f00000)
 Metaspace       used 6016K, capacity 7024K, committed 7296K, reserved 1056768K
  class space    used 578K, capacity 616K, committed 640K, reserved 1048576K

Card table byte_map: [0x00000000121e0000,0x00000000123f0000] byte_map_base: 0x0000000011be0000

Marking Bits: (ParMarkBitMap*) 0x000000006c333950
 Begin Bits: [0x0000000012950000, 0x0000000013950000)
 End Bits:   [0x0000000013950000, 0x0000000014950000)

Polling page: 0x0000000000fa0000

CodeCache: size=245760Kb used=5486Kb max_used=5486Kb free=240273Kb
 bounds [0x0000000002e20000, 0x0000000003380000, 0x0000000011e20000]
 total_blobs=1561 nmethods=1298 adapters=176
 compilation: disabled (not enough contiguous free space left)

Compilation events (10 events):
Event: 4.696 Thread 0x00000000154ec800 nmethod 1251 0x0000000003331150 code [0x00000000033312a0, 0x00000000033315d8]
Event: 4.696 Thread 0x00000000154ec800 1199       4       com.android.dx.util.FixedSizeList::hashCode (8 bytes)
Event: 4.702 Thread 0x00000000154ec800 nmethod 1199 0x0000000003325f50 code [0x00000000033260a0, 0x0000000003326318]
Event: 4.702 Thread 0x00000000154ec800 1201       4       com.android.dx.rop.code.RopMethod::labelToPredecessors (54 bytes)
Event: 4.728 Thread 0x00000000154ef800 nmethod 1216 0x00000000033435d0 code [0x00000000033438e0, 0x00000000033452c8]
Event: 4.728 Thread 0x00000000154ef800 1255       4       com.android.dx.rop.code.BasicBlockList$RegCountVisitor::visitPlainInsn (6 bytes)
Event: 4.735 Thread 0x00000000154ef800 nmethod 1255 0x000000000333fd90 code [0x000000000333ff00, 0x00000000033401b8]
Event: 4.735 Thread 0x00000000154ef800 1250   !   4       com.android.dx.cf.code.BytecodeArray::parseInstruction (2764 bytes)
Event: 4.756 Thread 0x00000000154ec800 nmethod 1201 0x0000000003348050 code [0x0000000003348240, 0x00000000033496d8]
Event: 5.134 Thread 0x00000000154ec800 1257       4       com.android.dx.ssa.LiteralOpUpgrader$1::visitNonMoveInsn (203 bytes)

GC Heap History (2 events):
Event: 3.660 GC heap before
{Heap before GC invocations=1 (full 0):
 PSYoungGen      total 28160K, used 24576K [0x00000000eab00000, 0x00000000eca00000, 0x0000000100000000)
  eden space 24576K, 100% used [0x00000000eab00000,0x00000000ec300000,0x00000000ec300000)
  from space 3584K, 0% used [0x00000000ec680000,0x00000000ec680000,0x00000000eca00000)
  to   space 3584K, 0% used [0x00000000ec300000,0x00000000ec300000,0x00000000ec680000)
 ParOldGen       total 64512K, used 0K [0x00000000c0000000, 0x00000000c3f00000, 0x00000000eab00000)
  object space 64512K, 0% used [0x00000000c0000000,0x00000000c0000000,0x00000000c3f00000)
 Metaspace       used 5862K, capacity 6896K, committed 7040K, reserved 1056768K
  class space    used 576K, capacity 616K, committed 640K, reserved 1048576K
Event: 4.251 GC heap after
Heap after GC invocations=1 (full 0):
 PSYoungGen      total 28160K, used 3562K [0x00000000eab00000, 0x00000000eca00000, 0x0000000100000000)
  eden space 24576K, 0% used [0x00000000eab00000,0x00000000eab00000,0x00000000ec300000)
  from space 3584K, 99% used [0x00000000ec300000,0x00000000ec67aaa8,0x00000000ec680000)
  to   space 3584K, 0% used [0x00000000ec680000,0x00000000ec680000,0x00000000eca00000)
 ParOldGen       total 64512K, used 1732K [0x00000000c0000000, 0x00000000c3f00000, 0x00000000eab00000)
  object space 64512K, 2% used [0x00000000c0000000,0x00000000c01b10e8,0x00000000c3f00000)
 Metaspace       used 5862K, capacity 6896K, committed 7040K, reserved 1056768K
  class space    used 576K, capacity 616K, committed 640K, reserved 1048576K
}

Deoptimization events (6 events):
Event: 2.404 Thread 0x0000000017082000 Uncommon trap: reason=unstable_if action=reinterpret pc=0x0000000003026f30 method=java.util.HashMap.getNode(ILjava/lang/Object;)Ljava/util/HashMap$Node; @ 62
Event: 4.560 Thread 0x00000000170cf000 Uncommon trap: reason=class_check action=maybe_recompile pc=0x00000000031853b0 method=com.android.dx.ssa.NormalSsaInsn.accept(Lcom/android/dx/ssa/SsaInsn$Visitor;)V @ 9
Event: 4.560 Thread 0x00000000170cf000 Uncommon trap: reason=class_check action=maybe_recompile pc=0x00000000031853b0 method=com.android.dx.ssa.NormalSsaInsn.accept(Lcom/android/dx/ssa/SsaInsn$Visitor;)V @ 9
Event: 4.560 Thread 0x00000000170cf000 Uncommon trap: reason=class_check action=maybe_recompile pc=0x00000000031853b0 method=com.android.dx.ssa.NormalSsaInsn.accept(Lcom/android/dx/ssa/SsaInsn$Visitor;)V @ 9
Event: 4.561 Thread 0x00000000170cf000 Uncommon trap: reason=class_check action=maybe_recompile pc=0x00000000031853b0 method=com.android.dx.ssa.NormalSsaInsn.accept(Lcom/android/dx/ssa/SsaInsn$Visitor;)V @ 9
Event: 4.561 Thread 0x00000000170cf000 Uncommon trap: reason=class_check action=maybe_recompile pc=0x000000000306b6b0 method=com.android.dx.ssa.NormalSsaInsn.accept(Lcom/android/dx/ssa/SsaInsn$Visitor;)V @ 9

Classes redefined (0 events):
No events

Internal exceptions (2 events):
Event: 0.052 Thread 0x0000000000fde000 Exception <a 'java/lang/NoSuchMethodError': Method sun.misc.Unsafe.defineClass(Ljava/lang/String;[BII)Ljava/lang/Class; name or signature does not match> (0x00000000eab07ca8) thrown at [D:\src\AOSP-openjdk-cygwin\jdk8u\hotspot\src\share\vm\prims\jni.cpp, 
Event: 0.052 Thread 0x0000000000fde000 Exception <a 'java/lang/NoSuchMethodError': Method sun.misc.Unsafe.prefetchRead(Ljava/lang/Object;J)V name or signature does not match> (0x00000000eab07f90) thrown at [D:\src\AOSP-openjdk-cygwin\jdk8u\hotspot\src\share\vm\prims\jni.cpp, line 4011]

Events (10 events):
Event: 4.560 Thread 0x00000000170cf000 DEOPT UNPACKING pc=0x0000000002e6556a sp=0x000000001782e5b0 mode 2
Event: 4.560 Thread 0x00000000170cf000 Uncommon trap: trap_request=0xffffffde fr.pc=0x00000000031853b0
Event: 4.560 Thread 0x00000000170cf000 DEOPT PACKING pc=0x00000000031853b0 sp=0x000000001782e4f0
Event: 4.560 Thread 0x00000000170cf000 DEOPT UNPACKING pc=0x0000000002e6556a sp=0x000000001782e4e0 mode 2
Event: 4.561 Thread 0x00000000170cf000 Uncommon trap: trap_request=0xffffffde fr.pc=0x00000000031853b0
Event: 4.561 Thread 0x00000000170cf000 DEOPT PACKING pc=0x00000000031853b0 sp=0x000000001782e7c0
Event: 4.561 Thread 0x00000000170cf000 DEOPT UNPACKING pc=0x0000000002e6556a sp=0x000000001782e7b0 mode 2
Event: 4.561 Thread 0x00000000170cf000 Uncommon trap: trap_request=0xffffffde fr.pc=0x000000000306b6b0
Event: 4.561 Thread 0x00000000170cf000 DEOPT PACKING pc=0x000000000306b6b0 sp=0x000000001782e870
Event: 4.561 Thread 0x00000000170cf000 DEOPT UNPACKING pc=0x0000000002e6556a sp=0x000000001782e810 mode 2


Dynamic libraries:
0x00007ff666d80000 - 0x00007ff666db1000 	C:\Program Files\Android\Android Studio\jre\bin\java.exe
0x00007ff944a30000 - 0x00007ff944bdd000 	C:\Windows\SYSTEM32\ntdll.dll
0x00007ff9425e0000 - 0x00007ff94271e000 	C:\Windows\system32\KERNEL32.DLL
0x00007ff941d30000 - 0x00007ff941e45000 	C:\Windows\system32\KERNELBASE.dll
0x00007ff942f20000 - 0x00007ff942fca000 	C:\Windows\system32\ADVAPI32.dll
0x00007ff942da0000 - 0x00007ff942f17000 	C:\Windows\system32\USER32.dll
0x00007ff93f870000 - 0x00007ff93faeb000 	C:\Windows\WinSxS\amd64_microsoft.windows.common-controls_6595b64144ccf1df_6.0.9600.18006_none_623f33d3ecbe86e8\COMCTL32.dll
0x00007ff942cf0000 - 0x00007ff942d9a000 	C:\Windows\system32\msvcrt.dll
0x00007ff9427a0000 - 0x00007ff9427f9000 	C:\Windows\SYSTEM32\sechost.dll
0x00007ff942af0000 - 0x00007ff942c30000 	C:\Windows\system32\RPCRT4.dll
0x00007ff9433b0000 - 0x00007ff9434fb000 	C:\Windows\system32\GDI32.dll
0x00007ff942090000 - 0x00007ff9420be000 	C:\Windows\system32\SspiCli.dll
0x00007ff942220000 - 0x00007ff942256000 	C:\Windows\system32\IMM32.DLL
0x00007ff9431f0000 - 0x00007ff943341000 	C:\Windows\system32\MSCTF.dll
0x00007ff941ae0000 - 0x00007ff941b10000 	C:\Windows\system32\nvinitx.dll
0x00007ff941ad0000 - 0x00007ff941ada000 	C:\Windows\SYSTEM32\VERSION.dll
0x000000006c450000 - 0x000000006c456000 	C:\Program Files\NVIDIA Corporation\CoProcManager\_etoured.dll
0x00007ff93f590000 - 0x00007ff93f5c8000 	C:\Program Files\NVIDIA Corporation\CoProcManager\nvd3d9wrapx.dll
0x00007ff942400000 - 0x00007ff9425da000 	C:\Windows\system32\SETUPAPI.dll
0x00007ff941c30000 - 0x00007ff941c7f000 	C:\Windows\system32\CFGMGR32.dll
0x00007ff93f540000 - 0x00007ff93f564000 	C:\Program Files\NVIDIA Corporation\CoProcManager\nvdxgiwrapx.dll
0x000000006ba90000 - 0x000000006bb62000 	C:\Program Files\Android\Android Studio\jre\jre\bin\msvcr100.dll
0x000000006bb70000 - 0x000000006c3ae000 	C:\Program Files\Android\Android Studio\jre\jre\bin\server\jvm.dll
0x00007ff93f400000 - 0x00007ff93f409000 	C:\Windows\SYSTEM32\WSOCK32.dll
0x00007ff93d170000 - 0x00007ff93d192000 	C:\Windows\SYSTEM32\WINMM.dll
0x00007ff942200000 - 0x00007ff942207000 	C:\Windows\system32\PSAPI.DLL
0x00007ff942800000 - 0x00007ff94285a000 	C:\Windows\system32\WS2_32.dll
0x00007ff93ec50000 - 0x00007ff93ec7a000 	C:\Windows\SYSTEM32\WINMMBASE.dll
0x00007ff942a20000 - 0x00007ff942a29000 	C:\Windows\system32\NSI.dll
0x00007ff940930000 - 0x00007ff940958000 	C:\Windows\SYSTEM32\DEVOBJ.dll
0x00007ff93f3d0000 - 0x00007ff93f3df000 	C:\Program Files\Android\Android Studio\jre\jre\bin\verify.dll
0x00007ff936700000 - 0x00007ff936729000 	C:\Program Files\Android\Android Studio\jre\jre\bin\java.dll
0x00007ff937a50000 - 0x00007ff937a66000 	C:\Program Files\Android\Android Studio\jre\jre\bin\zip.dll
0x00007ff943500000 - 0x00007ff944a29000 	C:\Windows\system32\SHELL32.dll
0x00007ff942fd0000 - 0x00007ff9431e2000 	C:\Windows\SYSTEM32\combase.dll
0x00007ff943350000 - 0x00007ff9433a4000 	C:\Windows\system32\SHLWAPI.dll
0x00007ff9406b0000 - 0x00007ff940762000 	C:\Windows\SYSTEM32\SHCORE.dll
0x00007ff941ab0000 - 0x00007ff941ac5000 	C:\Windows\SYSTEM32\profapi.dll

VM Arguments:
jvm_args: -Djava.awt.headless=true -Xmx1024M -Dfile.encoding=windows-1252 -Duser.country=US -Duser.language=en -Duser.variant 
java_command: com.android.dx.command.Main --dex --num-threads=4 --output D:\ITK\semester 5\android project\contoh app\EcomSample-master\app\build\intermediates\pre-dexed\debug\com.android.support-support-media-compat-24.2.1_f87013dd085e90143627106ced3fb1a42b023fa8.jar D:\ITK\semester 5\android project\contoh app\EcomSample-master\app\build\intermediates\exploded-aar\com.android.support\support-media-compat\24.2.1\jars\classes.jar
java_class_path (initial): C:\Users\ramaqq\AppData\Local\Android\sdk\build-tools\24.0.1\lib\dx.jar
Launcher Type: SUN_STANDARD

Environment Variables:
PATH=C:\Program Files (x86)\Common Files\Intel\Shared Files\cpp\bin\Intel64;C:\ProgramData\Oracle\Java\javapath;C:\Program Files\Rockwell Software\RSCommon;C:\Program Files (x86)\Intel\iCLS Client\;C:\Program Files\Intel\iCLS Client\;C:\Windows\system32;C:\Windows;C:\Windows\System32\Wbem;C:\Windows\System32\WindowsPowerShell\v1.0\;C:\Windows\idmu\common;C:\Program Files\Intel\Intel(R) Management Engine Components\DAL;C:\Program Files\Intel\Intel(R) Management Engine Components\IPT;C:\Program Files (x86)\Intel\Intel(R) Management Engine Components\DAL;C:\Program Files (x86)\Intel\Intel(R) Management Engine Components\IPT;C:\Program Files (x86)\NVIDIA Corporation\PhysX\Common;C:\Program Files\MATLAB\R2013a\runtime\win64;C:\Program Files\MATLAB\R2013a\bin;C:\Program Files\Git\cmd
USERNAME=ramaqq
OS=Windows_NT
PROCESSOR_IDENTIFIER=Intel64 Family 6 Model 42 Stepping 7, GenuineIntel



---------------  S Y S T E M  ---------------

OS: Windows 8.1 , 64 bit Build 9600 (6.3.9600.17415)

CPU:total 4 (initial active 4) (2 cores per cpu, 2 threads per core) family 6 model 42 stepping 7, cmov, cx8, fxsr, mmx, sse, sse2, sse3, ssse3, sse4.1, sse4.2, popcnt, avx, clmul, ht, tsc, tscinvbit

Memory: 4k page, physical 6123884k(317392k free), swap 9269612k(22212k free)

vm_info: OpenJDK 64-Bit Server VM (25.152-b01) for windows-amd64 JRE (1.8.0_152-release-915-b01), built by "builder" with MS VC++ 10.0 (VS2010)

time: Mon Dec 04 02:15:04 2017
elapsed time: 6 seconds (0d 0h 0m 6s)

