#
# There is insufficient memory for the Java Runtime Environment to continue.
# Native memory allocation (malloc) failed to allocate 82976 bytes for Chunk::new
# Possible reasons:
#   The system is out of physical RAM or swap space
#   In 32 bit mode, the process size limit was hit
# Possible solutions:
#   Reduce memory load on the system
#   Increase physical memory or swap space
#   Check if swap backing store is full
#   Use 64 bit Java on a 64 bit OS
#   Decrease Java heap size (-Xmx/-Xms)
#   Decrease number of Java threads
#   Decrease Java thread stack sizes (-Xss)
#   Set larger code cache with -XX:ReservedCodeCacheSize=
# This output file may be truncated or incomplete.
#
#  Out of Memory Error (allocation.cpp:390), pid=9172, tid=0x00000000000007e8
#
# JRE version: OpenJDK Runtime Environment (8.0_152-b01) (build 1.8.0_152-release-915-b01)
# Java VM: OpenJDK 64-Bit Server VM (25.152-b01 mixed mode windows-amd64 compressed oops)
# Failed to write core dump. Minidumps are not enabled by default on client versions of Windows
#

---------------  T H R E A D  ---------------

Current thread (0x0000000014bdb800):  JavaThread "C2 CompilerThread0" daemon [_thread_in_native, id=2024, stack(0x0000000016230000,0x0000000016330000)]

Stack: [0x0000000016230000,0x0000000016330000]
[error occurred during error reporting (printing stack bounds), id 0xc0000005]

Native frames: (J=compiled Java code, j=interpreted, Vv=VM code, C=native code)


Current CompileTask:
C2:   2337  121       4       java.util.regex.Pattern$BnM::optimize (179 bytes)


---------------  P R O C E S S  ---------------

Java Threads: ( => current thread )
  0x000000001678b000 JavaThread "pool-1-thread-4" [_thread_blocked, id=9976, stack(0x0000000018100000,0x0000000018200000)]
  0x0000000016802800 JavaThread "pool-1-thread-3" [_thread_in_vm, id=6316, stack(0x0000000018000000,0x0000000018100000)]
  0x00000000167ac800 JavaThread "pool-1-thread-2" [_thread_in_vm, id=4192, stack(0x0000000017f00000,0x0000000018000000)]
  0x0000000016879800 JavaThread "pool-2-thread-1" [_thread_blocked, id=1644, stack(0x0000000016c30000,0x0000000016d30000)]
  0x0000000016879000 JavaThread "pool-1-thread-1" [_thread_blocked, id=9224, stack(0x0000000016b30000,0x0000000016c30000)]
  0x0000000016533800 JavaThread "Service Thread" daemon [_thread_blocked, id=7216, stack(0x0000000016930000,0x0000000016a30000)]
  0x0000000014c3a800 JavaThread "C1 CompilerThread2" daemon [_thread_blocked, id=10040, stack(0x0000000016430000,0x0000000016530000)]
  0x0000000014c35000 JavaThread "C2 CompilerThread1" daemon [_thread_blocked, id=6224, stack(0x0000000016330000,0x0000000016430000)]
=>0x0000000014bdb800 JavaThread "C2 CompilerThread0" daemon [_thread_in_native, id=2024, stack(0x0000000016230000,0x0000000016330000)]
  0x0000000014bda800 JavaThread "Attach Listener" daemon [_thread_blocked, id=4876, stack(0x0000000016130000,0x0000000016230000)]
  0x0000000014bd9000 JavaThread "Signal Dispatcher" daemon [_thread_blocked, id=9716, stack(0x0000000016030000,0x0000000016130000)]
  0x000000000250c000 JavaThread "Finalizer" daemon [_thread_blocked, id=9520, stack(0x0000000015e50000,0x0000000015f50000)]
  0x0000000002502000 JavaThread "Reference Handler" daemon [_thread_blocked, id=1860, stack(0x0000000015d50000,0x0000000015e50000)]
  0x000000000239e000 JavaThread "main" [_thread_in_vm, id=7776, stack(0x0000000002230000,0x0000000002330000)]

Other Threads:
  0x0000000014ba5000 VMThread [stack: 0x0000000015c50000,0x0000000015d50000] [id=6708]
  0x0000000016536000 WatcherThread [stack: 0x0000000016a30000,0x0000000016b30000] [id=9708]

VM state:not at safepoint (normal execution)

VM Mutex/Monitor currently owned by a thread:  ([mutex/lock_event])
[0x0000000002410f50] MethodCompileQueue_lock - owner thread: 0x000000000239e000

Heap:
 PSYoungGen      total 28160K, used 3441K [0x00000000eab00000, 0x00000000eca00000, 0x0000000100000000)
  eden space 24576K, 14% used [0x00000000eab00000,0x00000000eae5c5a0,0x00000000ec300000)
  from space 3584K, 0% used [0x00000000ec300000,0x00000000ec300000,0x00000000ec680000)
  to   space 3584K, 0% used [0x00000000ec680000,0x00000000ec680000,0x00000000eca00000)
 ParOldGen       total 37376K, used 711K [0x00000000c0000000, 0x00000000c2480000, 0x00000000eab00000)
  object space 37376K, 1% used [0x00000000c0000000,0x00000000c00b1d20,0x00000000c2480000)
 Metaspace       used 3962K, capacity 5168K, committed 5376K, reserved 1058816K
  class space    used 434K, capacity 488K, committed 512K, reserved 1048576K

Card table byte_map: [0x00000000118d0000,0x0000000011ae0000] byte_map_base: 0x00000000112d0000

Marking Bits: (ParMarkBitMap*) 0x000000006c333950
 Begin Bits: [0x0000000012040000, 0x0000000013040000)
 End Bits:   [0x0000000013040000, 0x0000000014040000)

Polling page: 0x0000000000600000

CodeCache: size=245760Kb used=1602Kb max_used=1602Kb free=244157Kb
 bounds [0x0000000002510000, 0x0000000002780000, 0x0000000011510000]
 total_blobs=489 nmethods=233 adapters=170
 compilation: enabled

Compilation events (10 events):
Event: 1.987 Thread 0x0000000014c35000 nmethod 112 0x0000000002659e50 code [0x0000000002659fa0, 0x000000000265a098]
Event: 1.987 Thread 0x0000000014c3a800  116       3       java.util.regex.Matcher::find (69 bytes)
Event: 1.987 Thread 0x0000000014c35000  117       4       java.lang.Character::codePointAtImpl (41 bytes)
Event: 1.988 Thread 0x0000000014c3a800 nmethod 116 0x0000000002659850 code [0x00000000026599c0, 0x0000000002659d68]
Event: 1.988 Thread 0x0000000014c35000 nmethod 117 0x0000000002659590 code [0x00000000026596c0, 0x0000000002659758]
Event: 1.994 Thread 0x0000000014bdb800 nmethod 110% 0x000000000265d210 code [0x000000000265d360, 0x000000000265d7f8]
Event: 2.024 Thread 0x0000000014c35000  119       4       java.lang.String::replace (127 bytes)
Event: 2.028 Thread 0x0000000014c3a800  120       3       com.android.dx.cf.direct.ClassPathOpener$3::compare (13 bytes)
Event: 2.029 Thread 0x0000000014c3a800 nmethod 120 0x000000000265c950 code [0x000000000265cae0, 0x000000000265d048]
Event: 2.029 Thread 0x0000000014bdb800  121       4       java.util.regex.Pattern$BnM::optimize (179 bytes)

GC Heap History (0 events):
No events

Deoptimization events (0 events):
No events

Classes redefined (0 events):
No events

Internal exceptions (2 events):
Event: 0.191 Thread 0x000000000239e000 Exception <a 'java/lang/NoSuchMethodError': Method sun.misc.Unsafe.defineClass(Ljava/lang/String;[BII)Ljava/lang/Class; name or signature does not match> (0x00000000eab07ca8) thrown at [D:\src\AOSP-openjdk-cygwin\jdk8u\hotspot\src\share\vm\prims\jni.cpp, 
Event: 0.192 Thread 0x000000000239e000 Exception <a 'java/lang/NoSuchMethodError': Method sun.misc.Unsafe.prefetchRead(Ljava/lang/Object;J)V name or signature does not match> (0x00000000eab07f90) thrown at [D:\src\AOSP-openjdk-cygwin\jdk8u\hotspot\src\share\vm\prims\jni.cpp, line 4011]

Events (10 events):
Event: 1.925 loading class com/android/dx/cf/direct/ClassPathOpener$3
Event: 1.925 loading class com/android/dx/cf/direct/ClassPathOpener$3 done
Event: 1.926 loading class java/util/TimSort
Event: 1.926 loading class java/util/TimSort done
Event: 1.926 loading class java/util/regex/Pattern$SliceS
Event: 1.926 loading class java/util/regex/Pattern$SliceS done
Event: 2.027 Thread 0x000000000239e000 DEOPT PACKING pc=0x0000000002631925 sp=0x000000000232e9b0
Event: 2.027 Thread 0x000000000239e000 DEOPT UNPACKING pc=0x00000000025575bf sp=0x000000000232e6d8 mode 0
Event: 2.029 Thread 0x000000000239e000 DEOPT PACKING pc=0x0000000002631925 sp=0x000000000232eb50
Event: 2.029 Thread 0x000000000239e000 DEOPT UNPACKING pc=0x00000000025575bf sp=0x000000000232e878 mode 0


Dynamic libraries:
0x00007ff666d80000 - 0x00007ff666db1000 	C:\Program Files\Android\Android Studio\jre\bin\java.exe
0x00007ff944a30000 - 0x00007ff944bdd000 	C:\Windows\SYSTEM32\ntdll.dll
0x00007ff9425e0000 - 0x00007ff94271e000 	C:\Windows\system32\KERNEL32.DLL
0x00007ff941d30000 - 0x00007ff941e45000 	C:\Windows\system32\KERNELBASE.dll
0x00007ff942f20000 - 0x00007ff942fca000 	C:\Windows\system32\ADVAPI32.dll
0x00007ff942da0000 - 0x00007ff942f17000 	C:\Windows\system32\USER32.dll
0x00007ff93f870000 - 0x00007ff93faeb000 	C:\Windows\WinSxS\amd64_microsoft.windows.common-controls_6595b64144ccf1df_6.0.9600.18006_none_623f33d3ecbe86e8\COMCTL32.dll
0x00007ff942cf0000 - 0x00007ff942d9a000 	C:\Windows\system32\msvcrt.dll
0x00007ff9427a0000 - 0x00007ff9427f9000 	C:\Windows\SYSTEM32\sechost.dll
0x00007ff942af0000 - 0x00007ff942c30000 	C:\Windows\system32\RPCRT4.dll
0x00007ff9433b0000 - 0x00007ff9434fb000 	C:\Windows\system32\GDI32.dll
0x00007ff942090000 - 0x00007ff9420be000 	C:\Windows\system32\SspiCli.dll
0x00007ff942220000 - 0x00007ff942256000 	C:\Windows\system32\IMM32.DLL
0x00007ff9431f0000 - 0x00007ff943341000 	C:\Windows\system32\MSCTF.dll
0x00007ff941ae0000 - 0x00007ff941b10000 	C:\Windows\system32\nvinitx.dll
0x00007ff941ad0000 - 0x00007ff941ada000 	C:\Windows\SYSTEM32\VERSION.dll
0x000000006c450000 - 0x000000006c456000 	C:\Program Files\NVIDIA Corporation\CoProcManager\_etoured.dll
0x00007ff93f590000 - 0x00007ff93f5c8000 	C:\Program Files\NVIDIA Corporation\CoProcManager\nvd3d9wrapx.dll
0x00007ff942400000 - 0x00007ff9425da000 	C:\Windows\system32\SETUPAPI.dll
0x00007ff941c30000 - 0x00007ff941c7f000 	C:\Windows\system32\CFGMGR32.dll
0x00007ff93f540000 - 0x00007ff93f564000 	C:\Program Files\NVIDIA Corporation\CoProcManager\nvdxgiwrapx.dll
0x000000006ba90000 - 0x000000006bb62000 	C:\Program Files\Android\Android Studio\jre\jre\bin\msvcr100.dll
0x000000006bb70000 - 0x000000006c3ae000 	C:\Program Files\Android\Android Studio\jre\jre\bin\server\jvm.dll
0x00007ff93f400000 - 0x00007ff93f409000 	C:\Windows\SYSTEM32\WSOCK32.dll
0x00007ff93d170000 - 0x00007ff93d192000 	C:\Windows\SYSTEM32\WINMM.dll
0x00007ff942200000 - 0x00007ff942207000 	C:\Windows\system32\PSAPI.DLL
0x00007ff942800000 - 0x00007ff94285a000 	C:\Windows\system32\WS2_32.dll
0x00007ff93ec50000 - 0x00007ff93ec7a000 	C:\Windows\SYSTEM32\WINMMBASE.dll
0x00007ff942a20000 - 0x00007ff942a29000 	C:\Windows\system32\NSI.dll
0x00007ff940930000 - 0x00007ff940958000 	C:\Windows\SYSTEM32\DEVOBJ.dll
0x00007ff93f3d0000 - 0x00007ff93f3df000 	C:\Program Files\Android\Android Studio\jre\jre\bin\verify.dll
0x00007ff936700000 - 0x00007ff936729000 	C:\Program Files\Android\Android Studio\jre\jre\bin\java.dll
0x00007ff937a50000 - 0x00007ff937a66000 	C:\Program Files\Android\Android Studio\jre\jre\bin\zip.dll
0x00007ff943500000 - 0x00007ff944a29000 	C:\Windows\system32\SHELL32.dll
0x00007ff942fd0000 - 0x00007ff9431e2000 	C:\Windows\SYSTEM32\combase.dll
0x00007ff943350000 - 0x00007ff9433a4000 	C:\Windows\system32\SHLWAPI.dll
0x00007ff9406b0000 - 0x00007ff940762000 	C:\Windows\SYSTEM32\SHCORE.dll
0x00007ff941ab0000 - 0x00007ff941ac5000 	C:\Windows\SYSTEM32\profapi.dll

VM Arguments:
jvm_args: -Djava.awt.headless=true -Xmx1024M -Dfile.encoding=windows-1252 -Duser.country=US -Duser.language=en -Duser.variant 
java_command: com.android.dx.command.Main --dex --num-threads=4 --output D:\ITK\semester 5\android project\contoh app\EcomSample-master\app\build\intermediates\pre-dexed\debug\com.android.support-recyclerview-v7-24.2.1_070a89ddf2d65ac89a7ea64d64ad9bf1801f7939.jar D:\ITK\semester 5\android project\contoh app\EcomSample-master\app\build\intermediates\exploded-aar\com.android.support\recyclerview-v7\24.2.1\jars\classes.jar
java_class_path (initial): C:\Users\ramaqq\AppData\Local\Android\sdk\build-tools\24.0.1\lib\dx.jar
Launcher Type: SUN_STANDARD

Environment Variables:
PATH=C:\Program Files (x86)\Common Files\Intel\Shared Files\cpp\bin\Intel64;C:\ProgramData\Oracle\Java\javapath;C:\Program Files\Rockwell Software\RSCommon;C:\Program Files (x86)\Intel\iCLS Client\;C:\Program Files\Intel\iCLS Client\;C:\Windows\system32;C:\Windows;C:\Windows\System32\Wbem;C:\Windows\System32\WindowsPowerShell\v1.0\;C:\Windows\idmu\common;C:\Program Files\Intel\Intel(R) Management Engine Components\DAL;C:\Program Files\Intel\Intel(R) Management Engine Components\IPT;C:\Program Files (x86)\Intel\Intel(R) Management Engine Components\DAL;C:\Program Files (x86)\Intel\Intel(R) Management Engine Components\IPT;C:\Program Files (x86)\NVIDIA Corporation\PhysX\Common;C:\Program Files\MATLAB\R2013a\runtime\win64;C:\Program Files\MATLAB\R2013a\bin;C:\Program Files\Git\cmd
USERNAME=ramaqq
OS=Windows_NT
PROCESSOR_IDENTIFIER=Intel64 Family 6 Model 42 Stepping 7, GenuineIntel



---------------  S Y S T E M  ---------------

OS: Windows 8.1 , 64 bit Build 9600 (6.3.9600.17415)

CPU:total 4 (initial active 4) (2 cores per cpu, 2 threads per core) family 6 model 42 stepping 7, cmov, cx8, fxsr, mmx, sse, sse2, sse3, ssse3, sse4.1, sse4.2, popcnt, avx, clmul, ht, tsc, tscinvbit

Memory: 4k page, physical 6123884k(387404k free), swap 9269612k(42564k free)

vm_info: OpenJDK 64-Bit Server VM (25.152-b01) for windows-amd64 JRE (1.8.0_152-release-915-b01), built by "builder" with MS VC++ 10.0 (VS2010)

time: Mon Dec 04 02:15:27 2017
elapsed time: 2 seconds (0d 0h 0m 2s)

