#
# There is insufficient memory for the Java Runtime Environment to continue.
# Native memory allocation (malloc) failed to allocate 89056 bytes for Chunk::new
# Possible reasons:
#   The system is out of physical RAM or swap space
#   In 32 bit mode, the process size limit was hit
# Possible solutions:
#   Reduce memory load on the system
#   Increase physical memory or swap space
#   Check if swap backing store is full
#   Use 64 bit Java on a 64 bit OS
#   Decrease Java heap size (-Xmx/-Xms)
#   Decrease number of Java threads
#   Decrease Java thread stack sizes (-Xss)
#   Set larger code cache with -XX:ReservedCodeCacheSize=
# This output file may be truncated or incomplete.
#
#  Out of Memory Error (allocation.cpp:390), pid=6952, tid=0x0000000000002550
#
# JRE version: OpenJDK Runtime Environment (8.0_152-b01) (build 1.8.0_152-release-915-b01)
# Java VM: OpenJDK 64-Bit Server VM (25.152-b01 mixed mode windows-amd64 compressed oops)
# Failed to write core dump. Minidumps are not enabled by default on client versions of Windows
#

---------------  T H R E A D  ---------------

Current thread (0x0000000014a35000):  JavaThread "C2 CompilerThread1" daemon [_thread_in_native, id=9552, stack(0x0000000016040000,0x0000000016140000)]

Stack: [0x0000000016040000,0x0000000016140000]
[error occurred during error reporting (printing stack bounds), id 0xc0000005]

Native frames: (J=compiled Java code, j=interpreted, Vv=VM code, C=native code)


Current CompileTask:
C2:   2124  799   !   4       com.android.dx.rop.code.RegisterSpec::intern (70 bytes)


---------------  P R O C E S S  ---------------

Java Threads: ( => current thread )
  0x0000000016442000 JavaThread "pool-1-thread-4" [_thread_in_vm, id=7096, stack(0x0000000016c40000,0x0000000016d40000)]
  0x00000000163c6000 JavaThread "pool-2-thread-1" [_thread_blocked, id=8828, stack(0x0000000016940000,0x0000000016a40000)]
  0x0000000016245000 JavaThread "Service Thread" daemon [_thread_blocked, id=7464, stack(0x0000000016640000,0x0000000016740000)]
  0x0000000014a3d800 JavaThread "C1 CompilerThread2" daemon [_thread_in_native, id=5888, stack(0x0000000016140000,0x0000000016240000)]
=>0x0000000014a35000 JavaThread "C2 CompilerThread1" daemon [_thread_in_native, id=9552, stack(0x0000000016040000,0x0000000016140000)]
  0x00000000149db800 JavaThread "C2 CompilerThread0" daemon [_thread_in_native, id=8844, stack(0x0000000015f40000,0x0000000016040000)]
  0x00000000149da800 JavaThread "Attach Listener" daemon [_thread_blocked, id=9020, stack(0x0000000015e40000,0x0000000015f40000)]
  0x00000000149d9000 JavaThread "Signal Dispatcher" daemon [_thread_blocked, id=2036, stack(0x0000000015d40000,0x0000000015e40000)]
  0x000000000230c000 JavaThread "Finalizer" daemon [_thread_blocked, id=6860, stack(0x0000000015c40000,0x0000000015d40000)]
  0x0000000002302000 JavaThread "Reference Handler" daemon [_thread_blocked, id=8728, stack(0x0000000015b40000,0x0000000015c40000)]
  0x000000000220e000 JavaThread "main" [_thread_blocked, id=7880, stack(0x0000000002010000,0x0000000002110000)]

Other Threads:
  0x00000000149a5000 VMThread [stack: 0x0000000015a40000,0x0000000015b40000] [id=1468]
  0x0000000016247000 WatcherThread [stack: 0x0000000016740000,0x0000000016840000] [id=7648]

VM state:not at safepoint (normal execution)

VM Mutex/Monitor currently owned by a thread: None

Heap:
 PSYoungGen      total 28160K, used 13086K [0x00000000eab00000, 0x00000000eca00000, 0x0000000100000000)
  eden space 24576K, 53% used [0x00000000eab00000,0x00000000eb7c7868,0x00000000ec300000)
  from space 3584K, 0% used [0x00000000ec680000,0x00000000ec680000,0x00000000eca00000)
  to   space 3584K, 0% used [0x00000000ec300000,0x00000000ec300000,0x00000000ec680000)
 ParOldGen       total 64512K, used 0K [0x00000000c0000000, 0x00000000c3f00000, 0x00000000eab00000)
  object space 64512K, 0% used [0x00000000c0000000,0x00000000c0000000,0x00000000c3f00000)
 Metaspace       used 5659K, capacity 6704K, committed 6784K, reserved 1056768K
  class space    used 574K, capacity 616K, committed 640K, reserved 1048576K

Card table byte_map: [0x00000000116d0000,0x00000000118e0000] byte_map_base: 0x00000000110d0000

Marking Bits: (ParMarkBitMap*) 0x000000006c333950
 Begin Bits: [0x0000000011e40000, 0x0000000012e40000)
 End Bits:   [0x0000000012e40000, 0x0000000013e40000)

Polling page: 0x00000000002b0000

CodeCache: size=245760Kb used=3348Kb max_used=3348Kb free=242411Kb
 bounds [0x0000000002310000, 0x0000000002660000, 0x0000000011310000]
 total_blobs=1064 nmethods=800 adapters=176
 compilation: enabled

Compilation events (10 events):
Event: 2.121 Thread 0x0000000014a3d800  795       3       com.android.dx.dex.code.LocalSnapshot::<init> (25 bytes)
Event: 2.121 Thread 0x0000000014a3d800 nmethod 795 0x0000000002653290 code [0x0000000002653420, 0x0000000002653758]
Event: 2.121 Thread 0x0000000014a3d800  796       3       com.android.dx.dex.code.BlockAddresses::getLast (10 bytes)
Event: 2.121 Thread 0x00000000149db800  800       4       com.android.dx.ssa.SsaBasicBlock::isReachable (29 bytes)
Event: 2.121 Thread 0x0000000014a3d800 nmethod 796 0x0000000002653890 code [0x0000000002653a00, 0x0000000002653c10]
Event: 2.121 Thread 0x0000000014a3d800  797       1       com.android.dx.cf.attrib.AttCode::getCode (5 bytes)
Event: 2.122 Thread 0x0000000014a3d800 nmethod 797 0x0000000002619110 code [0x0000000002619260, 0x0000000002619370]
Event: 2.122 Thread 0x0000000014a3d800  802       3       com.android.dx.rop.code.RegisterSpec::getBasicType (10 bytes)
Event: 2.122 Thread 0x0000000014a3d800 nmethod 802 0x0000000002653d10 code [0x0000000002653e80, 0x00000000026540a8]
Event: 2.122 Thread 0x00000000149db800 nmethod 800 0x0000000002633890 code [0x00000000026339c0, 0x0000000002633a58]

GC Heap History (0 events):
No events

Deoptimization events (3 events):
Event: 1.770 Thread 0x00000000163c9800 Uncommon trap: reason=unstable_if action=reinterpret pc=0x000000000250b770 method=java.util.BitSet.nextSetBit(I)I @ 87
Event: 1.876 Thread 0x00000000163c9800 Uncommon trap: reason=unstable_if action=reinterpret pc=0x0000000002508544 method=java.util.HashMap.getNode(ILjava/lang/Object;)Ljava/util/HashMap$Node; @ 62
Event: 2.091 Thread 0x0000000016442000 Uncommon trap: reason=unstable_if action=reinterpret pc=0x00000000025684b4 method=java.util.BitSet.ensureCapacity(I)V @ 6

Classes redefined (0 events):
No events

Internal exceptions (2 events):
Event: 0.252 Thread 0x000000000220e000 Exception <a 'java/lang/NoSuchMethodError': Method sun.misc.Unsafe.defineClass(Ljava/lang/String;[BII)Ljava/lang/Class; name or signature does not match> (0x00000000eab07ca8) thrown at [D:\src\AOSP-openjdk-cygwin\jdk8u\hotspot\src\share\vm\prims\jni.cpp, 
Event: 0.252 Thread 0x000000000220e000 Exception <a 'java/lang/NoSuchMethodError': Method sun.misc.Unsafe.prefetchRead(Ljava/lang/Object;J)V name or signature does not match> (0x00000000eab07f90) thrown at [D:\src\AOSP-openjdk-cygwin\jdk8u\hotspot\src\share\vm\prims\jni.cpp, line 4011]

Events (10 events):
Event: 1.888 Thread 0x00000000163c9800 Thread exited: 0x00000000163c9800
Event: 1.996 loading class java/util/TreeMap$EntrySet
Event: 1.997 loading class java/util/TreeMap$EntrySet done
Event: 1.997 loading class java/util/TreeMap$EntryIterator
Event: 1.997 loading class java/util/TreeMap$EntryIterator done
Event: 2.091 Thread 0x0000000016442000 Uncommon trap: trap_request=0xffffff65 fr.pc=0x00000000025684b4
Event: 2.091 Thread 0x0000000016442000 DEOPT PACKING pc=0x00000000025684b4 sp=0x0000000016d3ed00
Event: 2.091 Thread 0x0000000016442000 DEOPT UNPACKING pc=0x000000000235556a sp=0x0000000016d3ebe8 mode 2
Event: 2.114 Executing VM operation: ForceSafepoint
Event: 2.114 Executing VM operation: ForceSafepoint done


Dynamic libraries:
0x00007ff666d80000 - 0x00007ff666db1000 	C:\Program Files\Android\Android Studio\jre\bin\java.exe
0x00007ff944a30000 - 0x00007ff944bdd000 	C:\Windows\SYSTEM32\ntdll.dll
0x00007ff9425e0000 - 0x00007ff94271e000 	C:\Windows\system32\KERNEL32.DLL
0x00007ff941d30000 - 0x00007ff941e45000 	C:\Windows\system32\KERNELBASE.dll
0x00007ff942f20000 - 0x00007ff942fca000 	C:\Windows\system32\ADVAPI32.dll
0x00007ff942da0000 - 0x00007ff942f17000 	C:\Windows\system32\USER32.dll
0x00007ff93f870000 - 0x00007ff93faeb000 	C:\Windows\WinSxS\amd64_microsoft.windows.common-controls_6595b64144ccf1df_6.0.9600.18006_none_623f33d3ecbe86e8\COMCTL32.dll
0x00007ff942cf0000 - 0x00007ff942d9a000 	C:\Windows\system32\msvcrt.dll
0x00007ff9427a0000 - 0x00007ff9427f9000 	C:\Windows\SYSTEM32\sechost.dll
0x00007ff942af0000 - 0x00007ff942c30000 	C:\Windows\system32\RPCRT4.dll
0x00007ff9433b0000 - 0x00007ff9434fb000 	C:\Windows\system32\GDI32.dll
0x00007ff942090000 - 0x00007ff9420be000 	C:\Windows\system32\SspiCli.dll
0x00007ff942220000 - 0x00007ff942256000 	C:\Windows\system32\IMM32.DLL
0x00007ff9431f0000 - 0x00007ff943341000 	C:\Windows\system32\MSCTF.dll
0x00007ff941ae0000 - 0x00007ff941b10000 	C:\Windows\system32\nvinitx.dll
0x00007ff941ad0000 - 0x00007ff941ada000 	C:\Windows\SYSTEM32\VERSION.dll
0x000000006c450000 - 0x000000006c456000 	C:\Program Files\NVIDIA Corporation\CoProcManager\_etoured.dll
0x00007ff93f590000 - 0x00007ff93f5c8000 	C:\Program Files\NVIDIA Corporation\CoProcManager\nvd3d9wrapx.dll
0x00007ff942400000 - 0x00007ff9425da000 	C:\Windows\system32\SETUPAPI.dll
0x00007ff941c30000 - 0x00007ff941c7f000 	C:\Windows\system32\CFGMGR32.dll
0x00007ff93f540000 - 0x00007ff93f564000 	C:\Program Files\NVIDIA Corporation\CoProcManager\nvdxgiwrapx.dll
0x000000006ba90000 - 0x000000006bb62000 	C:\Program Files\Android\Android Studio\jre\jre\bin\msvcr100.dll
0x000000006bb70000 - 0x000000006c3ae000 	C:\Program Files\Android\Android Studio\jre\jre\bin\server\jvm.dll
0x00007ff93f400000 - 0x00007ff93f409000 	C:\Windows\SYSTEM32\WSOCK32.dll
0x00007ff93d170000 - 0x00007ff93d192000 	C:\Windows\SYSTEM32\WINMM.dll
0x00007ff942200000 - 0x00007ff942207000 	C:\Windows\system32\PSAPI.DLL
0x00007ff942800000 - 0x00007ff94285a000 	C:\Windows\system32\WS2_32.dll
0x00007ff93ec50000 - 0x00007ff93ec7a000 	C:\Windows\SYSTEM32\WINMMBASE.dll
0x00007ff942a20000 - 0x00007ff942a29000 	C:\Windows\system32\NSI.dll
0x00007ff940930000 - 0x00007ff940958000 	C:\Windows\SYSTEM32\DEVOBJ.dll
0x00007ff93f3d0000 - 0x00007ff93f3df000 	C:\Program Files\Android\Android Studio\jre\jre\bin\verify.dll
0x00007ff936700000 - 0x00007ff936729000 	C:\Program Files\Android\Android Studio\jre\jre\bin\java.dll
0x00007ff937a50000 - 0x00007ff937a66000 	C:\Program Files\Android\Android Studio\jre\jre\bin\zip.dll
0x00007ff943500000 - 0x00007ff944a29000 	C:\Windows\system32\SHELL32.dll
0x00007ff942fd0000 - 0x00007ff9431e2000 	C:\Windows\SYSTEM32\combase.dll
0x00007ff943350000 - 0x00007ff9433a4000 	C:\Windows\system32\SHLWAPI.dll
0x00007ff9406b0000 - 0x00007ff940762000 	C:\Windows\SYSTEM32\SHCORE.dll
0x00007ff941ab0000 - 0x00007ff941ac5000 	C:\Windows\SYSTEM32\profapi.dll

VM Arguments:
jvm_args: -Djava.awt.headless=true -Xmx1024M -Dfile.encoding=windows-1252 -Duser.country=US -Duser.language=en -Duser.variant 
java_command: com.android.dx.command.Main --dex --num-threads=4 --output D:\ITK\semester 5\android project\contoh app\EcomSample-master\app\build\intermediates\pre-dexed\debug\internal_impl-24.2.1_ebc30078347ba0001478e71f29f2152188c12fef.jar D:\ITK\semester 5\android project\contoh app\EcomSample-master\app\build\intermediates\exploded-aar\com.android.support\support-fragment\24.2.1\jars\libs\internal_impl-24.2.1.jar
java_class_path (initial): C:\Users\ramaqq\AppData\Local\Android\sdk\build-tools\24.0.1\lib\dx.jar
Launcher Type: SUN_STANDARD

Environment Variables:
PATH=C:\Program Files (x86)\Common Files\Intel\Shared Files\cpp\bin\Intel64;C:\ProgramData\Oracle\Java\javapath;C:\Program Files\Rockwell Software\RSCommon;C:\Program Files (x86)\Intel\iCLS Client\;C:\Program Files\Intel\iCLS Client\;C:\Windows\system32;C:\Windows;C:\Windows\System32\Wbem;C:\Windows\System32\WindowsPowerShell\v1.0\;C:\Windows\idmu\common;C:\Program Files\Intel\Intel(R) Management Engine Components\DAL;C:\Program Files\Intel\Intel(R) Management Engine Components\IPT;C:\Program Files (x86)\Intel\Intel(R) Management Engine Components\DAL;C:\Program Files (x86)\Intel\Intel(R) Management Engine Components\IPT;C:\Program Files (x86)\NVIDIA Corporation\PhysX\Common;C:\Program Files\MATLAB\R2013a\runtime\win64;C:\Program Files\MATLAB\R2013a\bin;C:\Program Files\Git\cmd
USERNAME=ramaqq
OS=Windows_NT
PROCESSOR_IDENTIFIER=Intel64 Family 6 Model 42 Stepping 7, GenuineIntel



---------------  S Y S T E M  ---------------

OS: Windows 8.1 , 64 bit Build 9600 (6.3.9600.17415)

CPU:total 4 (initial active 4) (2 cores per cpu, 2 threads per core) family 6 model 42 stepping 7, cmov, cx8, fxsr, mmx, sse, sse2, sse3, ssse3, sse4.1, sse4.2, popcnt, avx, clmul, ht, tsc, tscinvbit

Memory: 4k page, physical 6123884k(441324k free), swap 9269612k(4472k free)

vm_info: OpenJDK 64-Bit Server VM (25.152-b01) for windows-amd64 JRE (1.8.0_152-release-915-b01), built by "builder" with MS VC++ 10.0 (VS2010)

time: Mon Dec 04 02:15:33 2017
elapsed time: 2 seconds (0d 0h 0m 2s)

