#
# There is insufficient memory for the Java Runtime Environment to continue.
# Native memory allocation (malloc) failed to allocate 32784 bytes for Chunk::new
# Possible reasons:
#   The system is out of physical RAM or swap space
#   In 32 bit mode, the process size limit was hit
# Possible solutions:
#   Reduce memory load on the system
#   Increase physical memory or swap space
#   Check if swap backing store is full
#   Use 64 bit Java on a 64 bit OS
#   Decrease Java heap size (-Xmx/-Xms)
#   Decrease number of Java threads
#   Decrease Java thread stack sizes (-Xss)
#   Set larger code cache with -XX:ReservedCodeCacheSize=
# This output file may be truncated or incomplete.
#
#  Out of Memory Error (allocation.cpp:390), pid=6976, tid=0x0000000000001fe0
#
# JRE version: OpenJDK Runtime Environment (8.0_152-b01) (build 1.8.0_152-release-915-b01)
# Java VM: OpenJDK 64-Bit Server VM (25.152-b01 mixed mode windows-amd64 compressed oops)
# Failed to write core dump. Minidumps are not enabled by default on client versions of Windows
#

---------------  T H R E A D  ---------------

Current thread (0x0000000014ac6800):  JavaThread "C2 CompilerThread1" daemon [_thread_in_native, id=8160, stack(0x00000000160c0000,0x00000000161c0000)]

Stack: [0x00000000160c0000,0x00000000161c0000]
[error occurred during error reporting (printing stack bounds), id 0xc0000005]

Native frames: (J=compiled Java code, j=interpreted, Vv=VM code, C=native code)


Current CompileTask:
C2:   8411 1297       4       com.android.dx.ssa.SsaRenamer$BlockRenamer::addMapping (143 bytes)


---------------  P R O C E S S  ---------------

Java Threads: ( => current thread )
  0x0000000016464800 JavaThread "pool-1-thread-4" [_thread_in_Java, id=6912, stack(0x0000000016cc0000,0x0000000016dc0000)]
  0x0000000016463800 JavaThread "pool-1-thread-3" [_thread_in_Java, id=3264, stack(0x0000000016bc0000,0x0000000016cc0000)]
  0x0000000016462000 JavaThread "pool-1-thread-2" [_thread_in_Java, id=4384, stack(0x0000000016ac0000,0x0000000016bc0000)]
  0x000000001645d000 JavaThread "pool-2-thread-1" [_thread_blocked, id=8956, stack(0x00000000169c0000,0x0000000016ac0000)]
  0x00000000164f0000 JavaThread "pool-1-thread-1" [_thread_in_Java, id=6476, stack(0x00000000168c0000,0x00000000169c0000)]
  0x00000000162c7000 JavaThread "Service Thread" daemon [_thread_blocked, id=6952, stack(0x00000000166c0000,0x00000000167c0000)]
  0x0000000014acc000 JavaThread "C1 CompilerThread2" daemon [_thread_blocked, id=4000, stack(0x00000000161c0000,0x00000000162c0000)]
=>0x0000000014ac6800 JavaThread "C2 CompilerThread1" daemon [_thread_in_native, id=8160, stack(0x00000000160c0000,0x00000000161c0000)]
  0x0000000014a6d800 JavaThread "C2 CompilerThread0" daemon [_thread_in_native, id=9632, stack(0x0000000015fc0000,0x00000000160c0000)]
  0x0000000014a6c000 JavaThread "Attach Listener" daemon [_thread_blocked, id=7872, stack(0x0000000015ec0000,0x0000000015fc0000)]
  0x0000000014a6b000 JavaThread "Signal Dispatcher" daemon [_thread_blocked, id=3488, stack(0x0000000015dc0000,0x0000000015ec0000)]
  0x000000000239c000 JavaThread "Finalizer" daemon [_thread_blocked, id=6296, stack(0x0000000015cc0000,0x0000000015dc0000)]
  0x0000000002390000 JavaThread "Reference Handler" daemon [_thread_blocked, id=760, stack(0x0000000015bc0000,0x0000000015cc0000)]
  0x000000000229e000 JavaThread "main" [_thread_in_Java, id=3124, stack(0x00000000020a0000,0x00000000021a0000)]

Other Threads:
  0x0000000014a35800 VMThread [stack: 0x0000000015ac0000,0x0000000015bc0000] [id=8656]
  0x00000000162c9000 WatcherThread [stack: 0x00000000167c0000,0x00000000168c0000] [id=9228]

VM state:not at safepoint (normal execution)

VM Mutex/Monitor currently owned by a thread: None

Heap:
 PSYoungGen      total 28160K, used 11573K [0x00000000eab00000, 0x00000000eca00000, 0x0000000100000000)
  eden space 24576K, 47% used [0x00000000eab00000,0x00000000eb64d4e8,0x00000000ec300000)
  from space 3584K, 0% used [0x00000000ec680000,0x00000000ec680000,0x00000000eca00000)
  to   space 3584K, 0% used [0x00000000ec300000,0x00000000ec300000,0x00000000ec680000)
 ParOldGen       total 53760K, used 6197K [0x00000000c0000000, 0x00000000c3480000, 0x00000000eab00000)
  object space 53760K, 11% used [0x00000000c0000000,0x00000000c060d7e8,0x00000000c3480000)
 Metaspace       used 6195K, capacity 7024K, committed 7296K, reserved 1058816K
  class space    used 592K, capacity 616K, committed 640K, reserved 1048576K

Card table byte_map: [0x0000000011760000,0x0000000011970000] byte_map_base: 0x0000000011160000

Marking Bits: (ParMarkBitMap*) 0x000000006c333950
 Begin Bits: [0x0000000011ed0000, 0x0000000012ed0000)
 End Bits:   [0x0000000012ed0000, 0x0000000013ed0000)

Polling page: 0x0000000000420000

CodeCache: size=245760Kb used=5880Kb max_used=5880Kb free=239879Kb
 bounds [0x00000000023a0000, 0x0000000002970000, 0x00000000113a0000]
 total_blobs=1699 nmethods=1431 adapters=182
 compilation: enabled

Compilation events (10 events):
Event: 7.870 Thread 0x0000000014acc000 1307       3       com.android.dx.cf.code.ConcreteMethod::getMaxStack (8 bytes)
Event: 7.870 Thread 0x0000000014acc000 nmethod 1307 0x00000000028e2fd0 code [0x00000000028e3120, 0x00000000028e3310]
Event: 7.870 Thread 0x0000000014acc000 1305       3       com.android.dx.dex.file.ClassDefItem::addVirtualMethod (9 bytes)
Event: 7.871 Thread 0x0000000014acc000 nmethod 1305 0x00000000028e2390 code [0x00000000028e2540, 0x00000000028e2bf8]
Event: 7.871 Thread 0x0000000014acc000 1306       3       com.android.dx.dex.file.ClassDataItem::addVirtualMethod (24 bytes)
Event: 7.872 Thread 0x0000000014acc000 nmethod 1306 0x00000000028f4a10 code [0x00000000028f4bc0, 0x00000000028f5238]
Event: 7.872 Thread 0x0000000014acc000 1308       3       com.android.dx.cf.direct.DirectClassFile::getAccessFlags (9 bytes)
Event: 7.872 Thread 0x0000000014acc000 nmethod 1308 0x00000000028e1f10 code [0x00000000028e2080, 0x00000000028e22c8]
Event: 7.872 Thread 0x0000000014acc000 1309       3       com.android.dx.cf.direct.DirectClassFile::getAttributes (9 bytes)
Event: 7.872 Thread 0x0000000014acc000 nmethod 1309 0x00000000028e1a90 code [0x00000000028e1c00, 0x00000000028e1e48]

GC Heap History (2 events):
Event: 6.543 GC heap before
{Heap before GC invocations=1 (full 0):
 PSYoungGen      total 28160K, used 24576K [0x00000000eab00000, 0x00000000eca00000, 0x0000000100000000)
  eden space 24576K, 100% used [0x00000000eab00000,0x00000000ec300000,0x00000000ec300000)
  from space 3584K, 0% used [0x00000000ec680000,0x00000000ec680000,0x00000000eca00000)
  to   space 3584K, 0% used [0x00000000ec300000,0x00000000ec300000,0x00000000ec680000)
 ParOldGen       total 64512K, used 0K [0x00000000c0000000, 0x00000000c3f00000, 0x00000000eab00000)
  object space 64512K, 0% used [0x00000000c0000000,0x00000000c0000000,0x00000000c3f00000)
 Metaspace       used 6050K, capacity 6896K, committed 7040K, reserved 1056768K
  class space    used 590K, capacity 616K, committed 640K, reserved 1048576K
Event: 6.558 GC heap after
Heap after GC invocations=1 (full 0):
 PSYoungGen      total 28160K, used 3578K [0x00000000eab00000, 0x00000000eca00000, 0x0000000100000000)
  eden space 24576K, 0% used [0x00000000eab00000,0x00000000eab00000,0x00000000ec300000)
  from space 3584K, 99% used [0x00000000ec300000,0x00000000ec67eab8,0x00000000ec680000)
  to   space 3584K, 0% used [0x00000000ec680000,0x00000000ec680000,0x00000000eca00000)
 ParOldGen       total 64512K, used 2204K [0x00000000c0000000, 0x00000000c3f00000, 0x00000000eab00000)
  object space 64512K, 3% used [0x00000000c0000000,0x00000000c0227240,0x00000000c3f00000)
 Metaspace       used 6050K, capacity 6896K, committed 7040K, reserved 1056768K
  class space    used 590K, capacity 616K, committed 640K, reserved 1048576K
}

Deoptimization events (10 events):
Event: 5.795 Thread 0x0000000016463800 Uncommon trap: reason=class_check action=maybe_recompile pc=0x00000000025feeb0 method=com.android.dx.ssa.NormalSsaInsn.accept(Lcom/android/dx/ssa/SsaInsn$Visitor;)V @ 9
Event: 6.431 Thread 0x000000000229e000 Uncommon trap: reason=unstable_if action=reinterpret pc=0x00000000025ff5dc method=com.android.dx.rop.cst.Constant.compareTo(Lcom/android/dx/rop/cst/Constant;)I @ 12
Event: 6.471 Thread 0x0000000016464800 Uncommon trap: reason=class_check action=maybe_recompile pc=0x00000000026a07cc method=com.android.dx.ssa.NormalSsaInsn.accept(Lcom/android/dx/ssa/SsaInsn$Visitor;)V @ 9
Event: 6.471 Thread 0x0000000016464800 Uncommon trap: reason=class_check action=maybe_recompile pc=0x00000000025feeb0 method=com.android.dx.ssa.NormalSsaInsn.accept(Lcom/android/dx/ssa/SsaInsn$Visitor;)V @ 9
Event: 6.584 Thread 0x0000000016463800 Uncommon trap: reason=unstable_if action=reinterpret pc=0x00000000027fc544 method=com.android.dx.ssa.SsaRenamer$BlockRenamer.addMapping(ILcom/android/dx/rop/code/RegisterSpec;)V @ 120
Event: 6.987 Thread 0x0000000016464800 Uncommon trap: reason=class_check action=maybe_recompile pc=0x00000000026a07cc method=com.android.dx.ssa.NormalSsaInsn.accept(Lcom/android/dx/ssa/SsaInsn$Visitor;)V @ 9
Event: 6.987 Thread 0x0000000016464800 Uncommon trap: reason=class_check action=maybe_recompile pc=0x00000000025feeb0 method=com.android.dx.ssa.NormalSsaInsn.accept(Lcom/android/dx/ssa/SsaInsn$Visitor;)V @ 9
Event: 7.016 Thread 0x00000000164f0000 Uncommon trap: reason=null_check action=make_not_entrant pc=0x00000000026b18a0 method=com.android.dx.rop.type.Type.equals(Ljava/lang/Object;)Z @ 8
Event: 7.163 Thread 0x0000000016463800 Uncommon trap: reason=unstable_if action=reinterpret pc=0x000000000278052c method=com.android.dx.rop.code.RegisterSpecSet.put(Lcom/android/dx/rop/code/RegisterSpec;)V @ 77
Event: 7.163 Thread 0x0000000016463800 Uncommon trap: reason=unstable_if action=reinterpret pc=0x00000000027d1aa8 method=com.android.dx.rop.code.RegisterSpecSet.put(Lcom/android/dx/rop/code/RegisterSpec;)V @ 77

Classes redefined (0 events):
No events

Internal exceptions (3 events):
Event: 0.078 Thread 0x000000000229e000 Exception <a 'java/lang/NoSuchMethodError': Method sun.misc.Unsafe.defineClass(Ljava/lang/String;[BII)Ljava/lang/Class; name or signature does not match> (0x00000000eab07ca8) thrown at [D:\src\AOSP-openjdk-cygwin\jdk8u\hotspot\src\share\vm\prims\jni.cpp, 
Event: 0.078 Thread 0x000000000229e000 Exception <a 'java/lang/NoSuchMethodError': Method sun.misc.Unsafe.prefetchRead(Ljava/lang/Object;J)V name or signature does not match> (0x00000000eab07f90) thrown at [D:\src\AOSP-openjdk-cygwin\jdk8u\hotspot\src\share\vm\prims\jni.cpp, line 4011]
Event: 7.016 Thread 0x00000000164f0000 Implicit null exception at 0x00000000026b17a2 to 0x00000000026b1892

Events (10 events):
Event: 7.064 loading class com/android/dx/cf/code/SwitchList
Event: 7.064 loading class com/android/dx/cf/code/SwitchList done
Event: 7.080 loading class com/android/dx/cf/attrib/AttDeprecated
Event: 7.080 loading class com/android/dx/cf/attrib/AttDeprecated done
Event: 7.163 Thread 0x0000000016463800 Uncommon trap: trap_request=0xffffff65 fr.pc=0x000000000278052c
Event: 7.163 Thread 0x0000000016463800 DEOPT PACKING pc=0x000000000278052c sp=0x0000000016cbeb20
Event: 7.163 Thread 0x0000000016463800 DEOPT UNPACKING pc=0x00000000023e556a sp=0x0000000016cbeaa8 mode 2
Event: 7.163 Thread 0x0000000016463800 Uncommon trap: trap_request=0xffffff65 fr.pc=0x00000000027d1aa8
Event: 7.163 Thread 0x0000000016463800 DEOPT PACKING pc=0x00000000027d1aa8 sp=0x0000000016cbeb10
Event: 7.163 Thread 0x0000000016463800 DEOPT UNPACKING pc=0x00000000023e556a sp=0x0000000016cbea30 mode 2


Dynamic libraries:
0x00007ff666d80000 - 0x00007ff666db1000 	C:\Program Files\Android\Android Studio\jre\bin\java.exe
0x00007ff944a30000 - 0x00007ff944bdd000 	C:\Windows\SYSTEM32\ntdll.dll
0x00007ff9425e0000 - 0x00007ff94271e000 	C:\Windows\system32\KERNEL32.DLL
0x00007ff941d30000 - 0x00007ff941e45000 	C:\Windows\system32\KERNELBASE.dll
0x00007ff942f20000 - 0x00007ff942fca000 	C:\Windows\system32\ADVAPI32.dll
0x00007ff942da0000 - 0x00007ff942f17000 	C:\Windows\system32\USER32.dll
0x00007ff93f870000 - 0x00007ff93faeb000 	C:\Windows\WinSxS\amd64_microsoft.windows.common-controls_6595b64144ccf1df_6.0.9600.18006_none_623f33d3ecbe86e8\COMCTL32.dll
0x00007ff942cf0000 - 0x00007ff942d9a000 	C:\Windows\system32\msvcrt.dll
0x00007ff9427a0000 - 0x00007ff9427f9000 	C:\Windows\SYSTEM32\sechost.dll
0x00007ff942af0000 - 0x00007ff942c30000 	C:\Windows\system32\RPCRT4.dll
0x00007ff9433b0000 - 0x00007ff9434fb000 	C:\Windows\system32\GDI32.dll
0x00007ff942090000 - 0x00007ff9420be000 	C:\Windows\system32\SspiCli.dll
0x00007ff942220000 - 0x00007ff942256000 	C:\Windows\system32\IMM32.DLL
0x00007ff9431f0000 - 0x00007ff943341000 	C:\Windows\system32\MSCTF.dll
0x00007ff941ae0000 - 0x00007ff941b10000 	C:\Windows\system32\nvinitx.dll
0x00007ff941ad0000 - 0x00007ff941ada000 	C:\Windows\SYSTEM32\VERSION.dll
0x000000006c450000 - 0x000000006c456000 	C:\Program Files\NVIDIA Corporation\CoProcManager\_etoured.dll
0x00007ff93f590000 - 0x00007ff93f5c8000 	C:\Program Files\NVIDIA Corporation\CoProcManager\nvd3d9wrapx.dll
0x00007ff942400000 - 0x00007ff9425da000 	C:\Windows\system32\SETUPAPI.dll
0x00007ff941c30000 - 0x00007ff941c7f000 	C:\Windows\system32\CFGMGR32.dll
0x00007ff93f540000 - 0x00007ff93f564000 	C:\Program Files\NVIDIA Corporation\CoProcManager\nvdxgiwrapx.dll
0x000000006ba90000 - 0x000000006bb62000 	C:\Program Files\Android\Android Studio\jre\jre\bin\msvcr100.dll
0x000000006bb70000 - 0x000000006c3ae000 	C:\Program Files\Android\Android Studio\jre\jre\bin\server\jvm.dll
0x00007ff93f400000 - 0x00007ff93f409000 	C:\Windows\SYSTEM32\WSOCK32.dll
0x00007ff93d170000 - 0x00007ff93d192000 	C:\Windows\SYSTEM32\WINMM.dll
0x00007ff942200000 - 0x00007ff942207000 	C:\Windows\system32\PSAPI.DLL
0x00007ff942800000 - 0x00007ff94285a000 	C:\Windows\system32\WS2_32.dll
0x00007ff93ec50000 - 0x00007ff93ec7a000 	C:\Windows\SYSTEM32\WINMMBASE.dll
0x00007ff942a20000 - 0x00007ff942a29000 	C:\Windows\system32\NSI.dll
0x00007ff940930000 - 0x00007ff940958000 	C:\Windows\SYSTEM32\DEVOBJ.dll
0x00007ff93f3d0000 - 0x00007ff93f3df000 	C:\Program Files\Android\Android Studio\jre\jre\bin\verify.dll
0x00007ff936700000 - 0x00007ff936729000 	C:\Program Files\Android\Android Studio\jre\jre\bin\java.dll
0x00007ff937a50000 - 0x00007ff937a66000 	C:\Program Files\Android\Android Studio\jre\jre\bin\zip.dll
0x00007ff943500000 - 0x00007ff944a29000 	C:\Windows\system32\SHELL32.dll
0x00007ff942fd0000 - 0x00007ff9431e2000 	C:\Windows\SYSTEM32\combase.dll
0x00007ff943350000 - 0x00007ff9433a4000 	C:\Windows\system32\SHLWAPI.dll
0x00007ff9406b0000 - 0x00007ff940762000 	C:\Windows\SYSTEM32\SHCORE.dll
0x00007ff941ab0000 - 0x00007ff941ac5000 	C:\Windows\SYSTEM32\profapi.dll

VM Arguments:
jvm_args: -Djava.awt.headless=true -Xmx1024M -Dfile.encoding=windows-1252 -Duser.country=US -Duser.language=en -Duser.variant 
java_command: com.android.dx.command.Main --dex --num-threads=4 --output D:\ITK\semester 5\android project\contoh app\EcomSample-master\app\build\intermediates\pre-dexed\debug\com.facebook.fresco-drawee-0.14.1_a5d1250d5670031b5a4d8ffb1a7cf5feaa141273.jar D:\ITK\semester 5\android project\contoh app\EcomSample-master\app\build\intermediates\exploded-aar\com.facebook.fresco\drawee\0.14.1\jars\classes.jar
java_class_path (initial): C:\Users\ramaqq\AppData\Local\Android\sdk\build-tools\24.0.1\lib\dx.jar
Launcher Type: SUN_STANDARD

Environment Variables:
PATH=C:\Program Files (x86)\Common Files\Intel\Shared Files\cpp\bin\Intel64;C:\ProgramData\Oracle\Java\javapath;C:\Program Files\Rockwell Software\RSCommon;C:\Program Files (x86)\Intel\iCLS Client\;C:\Program Files\Intel\iCLS Client\;C:\Windows\system32;C:\Windows;C:\Windows\System32\Wbem;C:\Windows\System32\WindowsPowerShell\v1.0\;C:\Windows\idmu\common;C:\Program Files\Intel\Intel(R) Management Engine Components\DAL;C:\Program Files\Intel\Intel(R) Management Engine Components\IPT;C:\Program Files (x86)\Intel\Intel(R) Management Engine Components\DAL;C:\Program Files (x86)\Intel\Intel(R) Management Engine Components\IPT;C:\Program Files (x86)\NVIDIA Corporation\PhysX\Common;C:\Program Files\MATLAB\R2013a\runtime\win64;C:\Program Files\MATLAB\R2013a\bin;C:\Program Files\Git\cmd
USERNAME=ramaqq
OS=Windows_NT
PROCESSOR_IDENTIFIER=Intel64 Family 6 Model 42 Stepping 7, GenuineIntel



---------------  S Y S T E M  ---------------

OS: Windows 8.1 , 64 bit Build 9600 (6.3.9600.17415)

CPU:total 4 (initial active 4) (2 cores per cpu, 2 threads per core) family 6 model 42 stepping 7, cmov, cx8, fxsr, mmx, sse, sse2, sse3, ssse3, sse4.1, sse4.2, popcnt, avx, clmul, ht, tsc, tscinvbit

Memory: 4k page, physical 6123884k(317404k free), swap 9269612k(22224k free)

vm_info: OpenJDK 64-Bit Server VM (25.152-b01) for windows-amd64 JRE (1.8.0_152-release-915-b01), built by "builder" with MS VC++ 10.0 (VS2010)

time: Mon Dec 04 02:15:04 2017
elapsed time: 8 seconds (0d 0h 0m 8s)

