#
# There is insufficient memory for the Java Runtime Environment to continue.
# Native memory allocation (malloc) failed to allocate 526736 bytes for Chunk::new
# Possible reasons:
#   The system is out of physical RAM or swap space
#   In 32 bit mode, the process size limit was hit
# Possible solutions:
#   Reduce memory load on the system
#   Increase physical memory or swap space
#   Check if swap backing store is full
#   Use 64 bit Java on a 64 bit OS
#   Decrease Java heap size (-Xmx/-Xms)
#   Decrease number of Java threads
#   Decrease Java thread stack sizes (-Xss)
#   Set larger code cache with -XX:ReservedCodeCacheSize=
# This output file may be truncated or incomplete.
#
#  Out of Memory Error (allocation.cpp:390), pid=5636, tid=0x0000000000002618
#
# JRE version: OpenJDK Runtime Environment (8.0_152-b01) (build 1.8.0_152-release-915-b01)
# Java VM: OpenJDK 64-Bit Server VM (25.152-b01 mixed mode windows-amd64 compressed oops)
# Failed to write core dump. Minidumps are not enabled by default on client versions of Windows
#

---------------  T H R E A D  ---------------

Current thread (0x00000000158df000):  JavaThread "C2 CompilerThread1" daemon [_thread_in_native, id=9752, stack(0x0000000016f60000,0x0000000017060000)]

Stack: [0x0000000016f60000,0x0000000017060000]
[error occurred during error reporting (printing stack bounds), id 0xc0000005]

Native frames: (J=compiled Java code, j=interpreted, Vv=VM code, C=native code)


Current CompileTask:
C2:   2561 1177       4       com.android.dx.ssa.SCCP::simulateStmt (481 bytes)


---------------  P R O C E S S  ---------------

Java Threads: ( => current thread )
  0x0000000017340000 JavaThread "pool-1-thread-4" [_thread_in_Java, id=8548, stack(0x0000000017b60000,0x0000000017c60000)]
  0x000000001733d000 JavaThread "pool-1-thread-3" [_thread_in_vm, id=7588, stack(0x0000000017a60000,0x0000000017b60000)]
  0x000000001732c000 JavaThread "pool-1-thread-2" [_thread_in_vm, id=4064, stack(0x0000000017960000,0x0000000017a60000)]
  0x0000000017322000 JavaThread "pool-2-thread-1" [_thread_blocked, id=5056, stack(0x0000000017860000,0x0000000017960000)]
  0x0000000017321800 JavaThread "pool-1-thread-1" [_thread_blocked, id=8368, stack(0x0000000017760000,0x0000000017860000)]
  0x0000000017180800 JavaThread "Service Thread" daemon [_thread_blocked, id=8924, stack(0x0000000017560000,0x0000000017660000)]
  0x00000000158e5000 JavaThread "C1 CompilerThread2" daemon [_thread_blocked, id=10048, stack(0x0000000017060000,0x0000000017160000)]
=>0x00000000158df000 JavaThread "C2 CompilerThread1" daemon [_thread_in_native, id=9752, stack(0x0000000016f60000,0x0000000017060000)]
  0x00000000158db800 JavaThread "C2 CompilerThread0" daemon [_thread_in_vm_trans, id=10152, stack(0x0000000016e60000,0x0000000016f60000)]
  0x00000000158da800 JavaThread "Attach Listener" daemon [_thread_blocked, id=9456, stack(0x0000000016d60000,0x0000000016e60000)]
  0x00000000158d9000 JavaThread "Signal Dispatcher" daemon [_thread_blocked, id=1248, stack(0x0000000016c60000,0x0000000016d60000)]
  0x000000000320c000 JavaThread "Finalizer" daemon [_thread_blocked, id=1656, stack(0x0000000016b60000,0x0000000016c60000)]
  0x0000000003202000 JavaThread "Reference Handler" daemon [_thread_blocked, id=9240, stack(0x0000000016a60000,0x0000000016b60000)]
  0x000000000300e000 JavaThread "main" [_thread_blocked, id=5144, stack(0x0000000003010000,0x0000000003110000)]

Other Threads:
  0x00000000158a5000 VMThread [stack: 0x0000000016960000,0x0000000016a60000] [id=6316]
  0x0000000015939000 WatcherThread [stack: 0x0000000017660000,0x0000000017760000] [id=6168]

VM state:not at safepoint (normal execution)

VM Mutex/Monitor currently owned by a thread: None

Heap:
 PSYoungGen      total 28160K, used 13161K [0x00000000eab00000, 0x00000000eca00000, 0x0000000100000000)
  eden space 24576K, 39% used [0x00000000eab00000,0x00000000eb4607f8,0x00000000ec300000)
  from space 3584K, 99% used [0x00000000ec300000,0x00000000ec679c98,0x00000000ec680000)
  to   space 3584K, 0% used [0x00000000ec680000,0x00000000ec680000,0x00000000eca00000)
 ParOldGen       total 64512K, used 1668K [0x00000000c0000000, 0x00000000c3f00000, 0x00000000eab00000)
  object space 64512K, 2% used [0x00000000c0000000,0x00000000c01a1358,0x00000000c3f00000)
 Metaspace       used 5951K, capacity 6960K, committed 7040K, reserved 1056768K
  class space    used 578K, capacity 616K, committed 640K, reserved 1048576K

Card table byte_map: [0x00000000125d0000,0x00000000127e0000] byte_map_base: 0x0000000011fd0000

Marking Bits: (ParMarkBitMap*) 0x000000006c333950
 Begin Bits: [0x0000000012d40000, 0x0000000013d40000)
 End Bits:   [0x0000000013d40000, 0x0000000014d40000)

Polling page: 0x0000000001340000

CodeCache: size=245760Kb used=5249Kb max_used=5253Kb free=240510Kb
 bounds [0x0000000003210000, 0x0000000003740000, 0x0000000012210000]
 total_blobs=1552 nmethods=1290 adapters=176
 compilation: enabled

Compilation events (10 events):
Event: 2.530 Thread 0x00000000158e5000 1271       3       com.android.dx.cf.direct.AttributeListParser::getList (9 bytes)
Event: 2.530 Thread 0x00000000158e5000 nmethod 1271 0x0000000003717c10 code [0x0000000003717d80, 0x0000000003717fc8]
Event: 2.531 Thread 0x00000000158e5000 1272       3       com.android.dx.cf.direct.MethodListParser::set (30 bytes)
Event: 2.532 Thread 0x00000000158e5000 nmethod 1272 0x0000000003718090 code [0x0000000003718280, 0x0000000003718cb8]
Event: 2.532 Thread 0x00000000158e5000 1273       3       com.android.dx.ssa.SsaBasicBlock::insertNewPredecessor (134 bytes)
Event: 2.533 Thread 0x00000000158e5000 nmethod 1273 0x0000000003719510 code [0x0000000003719760, 0x000000000371a2b8]
Event: 2.533 Thread 0x00000000158e5000 1274       3       com.android.dx.cf.iface.StdMember::getDescriptor (8 bytes)
Event: 2.533 Thread 0x00000000158e5000 nmethod 1274 0x000000000371a990 code [0x000000000371aae0, 0x000000000371acd0]
Event: 2.533 Thread 0x00000000158e5000 1275       3       com.android.dx.rop.type.Prototype::intern (31 bytes)
Event: 2.534 Thread 0x00000000158e5000 nmethod 1275 0x000000000371ad90 code [0x000000000371af20, 0x000000000371b2a8]

GC Heap History (2 events):
Event: 2.392 GC heap before
{Heap before GC invocations=1 (full 0):
 PSYoungGen      total 28160K, used 24576K [0x00000000eab00000, 0x00000000eca00000, 0x0000000100000000)
  eden space 24576K, 100% used [0x00000000eab00000,0x00000000ec300000,0x00000000ec300000)
  from space 3584K, 0% used [0x00000000ec680000,0x00000000ec680000,0x00000000eca00000)
  to   space 3584K, 0% used [0x00000000ec300000,0x00000000ec300000,0x00000000ec680000)
 ParOldGen       total 64512K, used 0K [0x00000000c0000000, 0x00000000c3f00000, 0x00000000eab00000)
  object space 64512K, 0% used [0x00000000c0000000,0x00000000c0000000,0x00000000c3f00000)
 Metaspace       used 5897K, capacity 6896K, committed 7040K, reserved 1056768K
  class space    used 578K, capacity 616K, committed 640K, reserved 1048576K
Event: 2.414 GC heap after
Heap after GC invocations=1 (full 0):
 PSYoungGen      total 28160K, used 3559K [0x00000000eab00000, 0x00000000eca00000, 0x0000000100000000)
  eden space 24576K, 0% used [0x00000000eab00000,0x00000000eab00000,0x00000000ec300000)
  from space 3584K, 99% used [0x00000000ec300000,0x00000000ec679c98,0x00000000ec680000)
  to   space 3584K, 0% used [0x00000000ec680000,0x00000000ec680000,0x00000000eca00000)
 ParOldGen       total 64512K, used 1668K [0x00000000c0000000, 0x00000000c3f00000, 0x00000000eab00000)
  object space 64512K, 2% used [0x00000000c0000000,0x00000000c01a1358,0x00000000c3f00000)
 Metaspace       used 5897K, capacity 6896K, committed 7040K, reserved 1056768K
  class space    used 578K, capacity 616K, committed 640K, reserved 1048576K
}

Deoptimization events (9 events):
Event: 0.931 Thread 0x000000000300e000 Uncommon trap: reason=unstable_if action=reinterpret pc=0x000000000340745c method=java.util.HashMap.getNode(ILjava/lang/Object;)Ljava/util/HashMap$Node; @ 129
Event: 1.491 Thread 0x0000000017340000 Uncommon trap: reason=class_check action=maybe_recompile pc=0x00000000034bd448 method=com.android.dx.ssa.NormalSsaInsn.accept(Lcom/android/dx/ssa/SsaInsn$Visitor;)V @ 9
Event: 1.495 Thread 0x000000000300e000 Uncommon trap: reason=unstable_if action=reinterpret pc=0x0000000003467df4 method=java.util.BitSet.ensureCapacity(I)V @ 6
Event: 1.496 Thread 0x000000000300e000 Uncommon trap: reason=unstable_if action=reinterpret pc=0x000000000340adf0 method=java.util.BitSet.nextSetBit(I)I @ 87
Event: 1.736 Thread 0x000000001732c000 Uncommon trap: reason=null_check action=make_not_entrant pc=0x00000000034be5c8 method=com.android.dx.ssa.SsaRenamer.getLocalForNewReg(I)Lcom/android/dx/rop/code/LocalItem; @ 19
Event: 1.761 Thread 0x000000001733d000 Uncommon trap: reason=class_check action=maybe_recompile pc=0x0000000003481b30 method=com.android.dx.ssa.NormalSsaInsn.accept(Lcom/android/dx/ssa/SsaInsn$Visitor;)V @ 9
Event: 1.762 Thread 0x000000001733d000 Uncommon trap: reason=class_check action=maybe_recompile pc=0x0000000003481b30 method=com.android.dx.ssa.NormalSsaInsn.accept(Lcom/android/dx/ssa/SsaInsn$Visitor;)V @ 9
Event: 1.762 Thread 0x000000001733d000 Uncommon trap: reason=class_check action=maybe_recompile pc=0x0000000003481b30 method=com.android.dx.ssa.NormalSsaInsn.accept(Lcom/android/dx/ssa/SsaInsn$Visitor;)V @ 9
Event: 2.258 Thread 0x000000001732c000 Uncommon trap: reason=unstable_if action=reinterpret pc=0x00000000035a151c method=com.android.dx.rop.cst.Constant.compareTo(Lcom/android/dx/rop/cst/Constant;)I @ 12

Classes redefined (0 events):
No events

Internal exceptions (3 events):
Event: 0.081 Thread 0x000000000300e000 Exception <a 'java/lang/NoSuchMethodError': Method sun.misc.Unsafe.defineClass(Ljava/lang/String;[BII)Ljava/lang/Class; name or signature does not match> (0x00000000eab07ca8) thrown at [D:\src\AOSP-openjdk-cygwin\jdk8u\hotspot\src\share\vm\prims\jni.cpp, 
Event: 0.081 Thread 0x000000000300e000 Exception <a 'java/lang/NoSuchMethodError': Method sun.misc.Unsafe.prefetchRead(Ljava/lang/Object;J)V name or signature does not match> (0x00000000eab07f90) thrown at [D:\src\AOSP-openjdk-cygwin\jdk8u\hotspot\src\share\vm\prims\jni.cpp, line 4011]
Event: 1.736 Thread 0x000000001732c000 Implicit null exception at 0x00000000034bb51a to 0x00000000034be585

Events (10 events):
Event: 2.242 loading class com/android/dx/dex/file/UniformListItem done
Event: 2.243 loading class com/android/dx/dex/file/AnnotationSetRefItem
Event: 2.243 loading class com/android/dx/dex/file/AnnotationSetRefItem done
Event: 2.258 Thread 0x000000001732c000 Uncommon trap: trap_request=0xffffff65 fr.pc=0x00000000035a151c
Event: 2.258 Thread 0x000000001732c000 DEOPT PACKING pc=0x00000000035a151c sp=0x0000000017a5e310
Event: 2.258 Thread 0x000000001732c000 DEOPT UNPACKING pc=0x000000000325556a sp=0x0000000017a5e2b0 mode 2
Event: 2.296 Executing VM operation: ParallelGCFailedAllocation
Event: 2.414 Executing VM operation: ParallelGCFailedAllocation done
Event: 2.471 Thread 0x0000000017340000 DEOPT PACKING pc=0x000000000346ecf8 sp=0x0000000017c5e600
Event: 2.471 Thread 0x0000000017340000 DEOPT UNPACKING pc=0x00000000032575bf sp=0x0000000017c5e3e0 mode 0


Dynamic libraries:
0x00007ff666d80000 - 0x00007ff666db1000 	C:\Program Files\Android\Android Studio\jre\bin\java.exe
0x00007ff944a30000 - 0x00007ff944bdd000 	C:\Windows\SYSTEM32\ntdll.dll
0x00007ff9425e0000 - 0x00007ff94271e000 	C:\Windows\system32\KERNEL32.DLL
0x00007ff941d30000 - 0x00007ff941e45000 	C:\Windows\system32\KERNELBASE.dll
0x00007ff942f20000 - 0x00007ff942fca000 	C:\Windows\system32\ADVAPI32.dll
0x00007ff942da0000 - 0x00007ff942f17000 	C:\Windows\system32\USER32.dll
0x00007ff93f870000 - 0x00007ff93faeb000 	C:\Windows\WinSxS\amd64_microsoft.windows.common-controls_6595b64144ccf1df_6.0.9600.18006_none_623f33d3ecbe86e8\COMCTL32.dll
0x00007ff942cf0000 - 0x00007ff942d9a000 	C:\Windows\system32\msvcrt.dll
0x00007ff9427a0000 - 0x00007ff9427f9000 	C:\Windows\SYSTEM32\sechost.dll
0x00007ff942af0000 - 0x00007ff942c30000 	C:\Windows\system32\RPCRT4.dll
0x00007ff9433b0000 - 0x00007ff9434fb000 	C:\Windows\system32\GDI32.dll
0x00007ff942090000 - 0x00007ff9420be000 	C:\Windows\system32\SspiCli.dll
0x00007ff942220000 - 0x00007ff942256000 	C:\Windows\system32\IMM32.DLL
0x00007ff9431f0000 - 0x00007ff943341000 	C:\Windows\system32\MSCTF.dll
0x00007ff941ae0000 - 0x00007ff941b10000 	C:\Windows\system32\nvinitx.dll
0x00007ff941ad0000 - 0x00007ff941ada000 	C:\Windows\SYSTEM32\VERSION.dll
0x000000006c450000 - 0x000000006c456000 	C:\Program Files\NVIDIA Corporation\CoProcManager\_etoured.dll
0x00007ff93f590000 - 0x00007ff93f5c8000 	C:\Program Files\NVIDIA Corporation\CoProcManager\nvd3d9wrapx.dll
0x00007ff942400000 - 0x00007ff9425da000 	C:\Windows\system32\SETUPAPI.dll
0x00007ff941c30000 - 0x00007ff941c7f000 	C:\Windows\system32\CFGMGR32.dll
0x00007ff93f540000 - 0x00007ff93f564000 	C:\Program Files\NVIDIA Corporation\CoProcManager\nvdxgiwrapx.dll
0x000000006ba90000 - 0x000000006bb62000 	C:\Program Files\Android\Android Studio\jre\jre\bin\msvcr100.dll
0x000000006bb70000 - 0x000000006c3ae000 	C:\Program Files\Android\Android Studio\jre\jre\bin\server\jvm.dll
0x00007ff93f400000 - 0x00007ff93f409000 	C:\Windows\SYSTEM32\WSOCK32.dll
0x00007ff93d170000 - 0x00007ff93d192000 	C:\Windows\SYSTEM32\WINMM.dll
0x00007ff942200000 - 0x00007ff942207000 	C:\Windows\system32\PSAPI.DLL
0x00007ff942800000 - 0x00007ff94285a000 	C:\Windows\system32\WS2_32.dll
0x00007ff93ec50000 - 0x00007ff93ec7a000 	C:\Windows\SYSTEM32\WINMMBASE.dll
0x00007ff942a20000 - 0x00007ff942a29000 	C:\Windows\system32\NSI.dll
0x00007ff940930000 - 0x00007ff940958000 	C:\Windows\SYSTEM32\DEVOBJ.dll
0x00007ff93f3d0000 - 0x00007ff93f3df000 	C:\Program Files\Android\Android Studio\jre\jre\bin\verify.dll
0x00007ff936700000 - 0x00007ff936729000 	C:\Program Files\Android\Android Studio\jre\jre\bin\java.dll
0x00007ff937a50000 - 0x00007ff937a66000 	C:\Program Files\Android\Android Studio\jre\jre\bin\zip.dll
0x00007ff943500000 - 0x00007ff944a29000 	C:\Windows\system32\SHELL32.dll
0x00007ff942fd0000 - 0x00007ff9431e2000 	C:\Windows\SYSTEM32\combase.dll
0x00007ff943350000 - 0x00007ff9433a4000 	C:\Windows\system32\SHLWAPI.dll
0x00007ff9406b0000 - 0x00007ff940762000 	C:\Windows\SYSTEM32\SHCORE.dll
0x00007ff941ab0000 - 0x00007ff941ac5000 	C:\Windows\SYSTEM32\profapi.dll

VM Arguments:
jvm_args: -Djava.awt.headless=true -Xmx1024M -Dfile.encoding=windows-1252 -Duser.country=US -Duser.language=en -Duser.variant 
java_command: com.android.dx.command.Main --dex --num-threads=4 --output D:\ITK\semester 5\android project\contoh app\EcomSample-master\app\build\intermediates\pre-dexed\debug\com.android.support-support-core-utils-24.2.1_d081b03f6d14dc6004044a3f559303987398340c.jar D:\ITK\semester 5\android project\contoh app\EcomSample-master\app\build\intermediates\exploded-aar\com.android.support\support-core-utils\24.2.1\jars\classes.jar
java_class_path (initial): C:\Users\ramaqq\AppData\Local\Android\sdk\build-tools\24.0.1\lib\dx.jar
Launcher Type: SUN_STANDARD

Environment Variables:
PATH=C:\Program Files (x86)\Common Files\Intel\Shared Files\cpp\bin\Intel64;C:\ProgramData\Oracle\Java\javapath;C:\Program Files\Rockwell Software\RSCommon;C:\Program Files (x86)\Intel\iCLS Client\;C:\Program Files\Intel\iCLS Client\;C:\Windows\system32;C:\Windows;C:\Windows\System32\Wbem;C:\Windows\System32\WindowsPowerShell\v1.0\;C:\Windows\idmu\common;C:\Program Files\Intel\Intel(R) Management Engine Components\DAL;C:\Program Files\Intel\Intel(R) Management Engine Components\IPT;C:\Program Files (x86)\Intel\Intel(R) Management Engine Components\DAL;C:\Program Files (x86)\Intel\Intel(R) Management Engine Components\IPT;C:\Program Files (x86)\NVIDIA Corporation\PhysX\Common;C:\Program Files\MATLAB\R2013a\runtime\win64;C:\Program Files\MATLAB\R2013a\bin;C:\Program Files\Git\cmd
USERNAME=ramaqq
OS=Windows_NT
PROCESSOR_IDENTIFIER=Intel64 Family 6 Model 42 Stepping 7, GenuineIntel



---------------  S Y S T E M  ---------------

OS: Windows 8.1 , 64 bit Build 9600 (6.3.9600.17415)

CPU:total 4 (initial active 4) (2 cores per cpu, 2 threads per core) family 6 model 42 stepping 7, cmov, cx8, fxsr, mmx, sse, sse2, sse3, ssse3, sse4.1, sse4.2, popcnt, avx, clmul, ht, tsc, tscinvbit

Memory: 4k page, physical 6123884k(521068k free), swap 9269612k(5640k free)

vm_info: OpenJDK 64-Bit Server VM (25.152-b01) for windows-amd64 JRE (1.8.0_152-release-915-b01), built by "builder" with MS VC++ 10.0 (VS2010)

time: Mon Dec 04 02:15:49 2017
elapsed time: 2 seconds (0d 0h 0m 2s)

