#
# There is insufficient memory for the Java Runtime Environment to continue.
# Native memory allocation (malloc) failed to allocate 32744 bytes for ChunkPool::allocate
# Possible reasons:
#   The system is out of physical RAM or swap space
#   In 32 bit mode, the process size limit was hit
# Possible solutions:
#   Reduce memory load on the system
#   Increase physical memory or swap space
#   Check if swap backing store is full
#   Use 64 bit Java on a 64 bit OS
#   Decrease Java heap size (-Xmx/-Xms)
#   Decrease number of Java threads
#   Decrease Java thread stack sizes (-Xss)
#   Set larger code cache with -XX:ReservedCodeCacheSize=
# This output file may be truncated or incomplete.
#
#  Out of Memory Error (allocation.cpp:273), pid=1700, tid=0x0000000000001ae8
#
# JRE version: OpenJDK Runtime Environment (8.0_152-b01) (build 1.8.0_152-release-915-b01)
# Java VM: OpenJDK 64-Bit Server VM (25.152-b01 mixed mode windows-amd64 compressed oops)
# Failed to write core dump. Minidumps are not enabled by default on client versions of Windows
#

---------------  T H R E A D  ---------------

Current thread (0x000000001569a800):  JavaThread "C2 CompilerThread1" daemon [_thread_in_native, id=6888, stack(0x0000000016dd0000,0x0000000016ed0000)]

Stack: [0x0000000016dd0000,0x0000000016ed0000]
[error occurred during error reporting (printing stack bounds), id 0xc0000005]

Native frames: (J=compiled Java code, j=interpreted, Vv=VM code, C=native code)


Current CompileTask:
C2:   2047 1292       4       com.android.dx.ssa.LocalVariableExtractor::processBlock (383 bytes)


---------------  P R O C E S S  ---------------

Java Threads: ( => current thread )
  0x0000000017223800 JavaThread "pool-1-thread-4" [_thread_in_Java, id=8048, stack(0x00000000179d0000,0x0000000017ad0000)]
  0x0000000017223000 JavaThread "pool-1-thread-3" [_thread_in_Java, id=4764, stack(0x00000000178d0000,0x00000000179d0000)]
  0x0000000017221800 JavaThread "pool-1-thread-2" [_thread_in_native, id=9052, stack(0x00000000177d0000,0x00000000178d0000)]
  0x00000000171b6800 JavaThread "pool-2-thread-1" [_thread_blocked, id=9036, stack(0x00000000176d0000,0x00000000177d0000)]
  0x00000000171ad000 JavaThread "pool-1-thread-1" [_thread_in_Java, id=6372, stack(0x00000000175d0000,0x00000000176d0000)]
  0x0000000016ff9000 JavaThread "Service Thread" daemon [_thread_blocked, id=7828, stack(0x00000000173d0000,0x00000000174d0000)]
  0x00000000156a8800 JavaThread "C1 CompilerThread2" daemon [_thread_blocked, id=8564, stack(0x0000000016ed0000,0x0000000016fd0000)]
=>0x000000001569a800 JavaThread "C2 CompilerThread1" daemon [_thread_in_native, id=6888, stack(0x0000000016dd0000,0x0000000016ed0000)]
  0x0000000015698000 JavaThread "C2 CompilerThread0" daemon [_thread_in_native, id=9504, stack(0x0000000016cd0000,0x0000000016dd0000)]
  0x00000000156a6000 JavaThread "Attach Listener" daemon [_thread_blocked, id=7924, stack(0x0000000016bd0000,0x0000000016cd0000)]
  0x00000000156a5000 JavaThread "Signal Dispatcher" daemon [_thread_blocked, id=9732, stack(0x0000000016ad0000,0x0000000016bd0000)]
  0x0000000002fcc000 JavaThread "Finalizer" daemon [_thread_blocked, id=5948, stack(0x00000000168f0000,0x00000000169f0000)]
  0x0000000002fc2000 JavaThread "Reference Handler" daemon [_thread_blocked, id=8952, stack(0x00000000167f0000,0x00000000168f0000)]
  0x000000000110e000 JavaThread "main" [_thread_in_Java, id=2508, stack(0x0000000002d30000,0x0000000002e30000)]

Other Threads:
  0x0000000015665000 VMThread [stack: 0x00000000166f0000,0x00000000167f0000] [id=8272]
  0x00000000156fa800 WatcherThread [stack: 0x00000000174d0000,0x00000000175d0000] [id=7068]

VM state:not at safepoint (normal execution)

VM Mutex/Monitor currently owned by a thread: None

Heap:
 PSYoungGen      total 28160K, used 22501K [0x00000000eab00000, 0x00000000eca00000, 0x0000000100000000)
  eden space 24576K, 77% used [0x00000000eab00000,0x00000000ebd7b008,0x00000000ec300000)
  from space 3584K, 99% used [0x00000000ec300000,0x00000000ec67e520,0x00000000ec680000)
  to   space 3584K, 0% used [0x00000000ec680000,0x00000000ec680000,0x00000000eca00000)
 ParOldGen       total 64512K, used 2663K [0x00000000c0000000, 0x00000000c3f00000, 0x00000000eab00000)
  object space 64512K, 4% used [0x00000000c0000000,0x00000000c0299c88,0x00000000c3f00000)
 Metaspace       used 6031K, capacity 7024K, committed 7296K, reserved 1056768K
  class space    used 579K, capacity 616K, committed 640K, reserved 1048576K

Card table byte_map: [0x0000000012390000,0x00000000125a0000] byte_map_base: 0x0000000011d90000

Marking Bits: (ParMarkBitMap*) 0x000000006c333950
 Begin Bits: [0x0000000012b00000, 0x0000000013b00000)
 End Bits:   [0x0000000013b00000, 0x0000000014b00000)

Polling page: 0x0000000001070000

CodeCache: size=245760Kb used=5508Kb max_used=5508Kb free=240251Kb
 bounds [0x0000000002fd0000, 0x0000000003540000, 0x0000000011fd0000]
 total_blobs=1587 nmethods=1325 adapters=176
 compilation: enabled

Compilation events (10 events):
Event: 2.000 Thread 0x00000000156a8800 1338       3       com.android.dx.rop.cst.CstKnownNull::equals (5 bytes)
Event: 2.001 Thread 0x00000000156a8800 nmethod 1338 0x0000000003531bd0 code [0x0000000003531d20, 0x0000000003531f70]
Event: 2.001 Thread 0x00000000156a8800 1332       3       com.android.dx.ssa.SCCP::process (12 bytes)
Event: 2.001 Thread 0x00000000156a8800 nmethod 1332 0x0000000003532010 code [0x0000000003532180, 0x0000000003532378]
Event: 2.001 Thread 0x00000000156a8800 1339       3       com.android.dx.dex.code.StdCatchBuilder::<init> (62 bytes)
Event: 2.001 Thread 0x00000000156a8800 nmethod 1339 0x0000000003532450 code [0x0000000003532600, 0x0000000003532ac8]
Event: 2.001 Thread 0x00000000156a8800 1340       3       com.android.dx.dex.code.RopTranslator::<init> (190 bytes)
Event: 2.003 Thread 0x00000000156a8800 nmethod 1340 0x0000000003532c90 code [0x0000000003532ee0, 0x0000000003534038]
Event: 2.003 Thread 0x00000000156a8800 1341       3       com.android.dx.dex.code.OutputCollector::<init> (34 bytes)
Event: 2.004 Thread 0x00000000156a8800 nmethod 1341 0x0000000003534950 code [0x0000000003534ae0, 0x0000000003534e18]

GC Heap History (2 events):
Event: 1.535 GC heap before
{Heap before GC invocations=1 (full 0):
 PSYoungGen      total 28160K, used 24576K [0x00000000eab00000, 0x00000000eca00000, 0x0000000100000000)
  eden space 24576K, 100% used [0x00000000eab00000,0x00000000ec300000,0x00000000ec300000)
  from space 3584K, 0% used [0x00000000ec680000,0x00000000ec680000,0x00000000eca00000)
  to   space 3584K, 0% used [0x00000000ec300000,0x00000000ec300000,0x00000000ec680000)
 ParOldGen       total 64512K, used 0K [0x00000000c0000000, 0x00000000c3f00000, 0x00000000eab00000)
  object space 64512K, 0% used [0x00000000c0000000,0x00000000c0000000,0x00000000c3f00000)
 Metaspace       used 5871K, capacity 6896K, committed 7040K, reserved 1056768K
  class space    used 579K, capacity 616K, committed 640K, reserved 1048576K
Event: 1.554 GC heap after
Heap after GC invocations=1 (full 0):
 PSYoungGen      total 28160K, used 3577K [0x00000000eab00000, 0x00000000eca00000, 0x0000000100000000)
  eden space 24576K, 0% used [0x00000000eab00000,0x00000000eab00000,0x00000000ec300000)
  from space 3584K, 99% used [0x00000000ec300000,0x00000000ec67e520,0x00000000ec680000)
  to   space 3584K, 0% used [0x00000000ec680000,0x00000000ec680000,0x00000000eca00000)
 ParOldGen       total 64512K, used 2663K [0x00000000c0000000, 0x00000000c3f00000, 0x00000000eab00000)
  object space 64512K, 4% used [0x00000000c0000000,0x00000000c0299c88,0x00000000c3f00000)
 Metaspace       used 5871K, capacity 6896K, committed 7040K, reserved 1056768K
  class space    used 579K, capacity 616K, committed 640K, reserved 1048576K
}

Deoptimization events (8 events):
Event: 0.832 Thread 0x0000000017221800 Uncommon trap: reason=unstable_if action=reinterpret pc=0x0000000003264834 method=java.util.BitSet.ensureCapacity(I)V @ 6
Event: 0.855 Thread 0x0000000017223800 Uncommon trap: reason=unstable_if action=reinterpret pc=0x00000000031e5cb0 method=java.util.HashMap.getNode(ILjava/lang/Object;)Ljava/util/HashMap$Node; @ 62
Event: 1.292 Thread 0x000000000110e000 Uncommon trap: reason=unstable_if action=reinterpret pc=0x000000000329049c method=com.android.dx.rop.cst.Constant.compareTo(Lcom/android/dx/rop/cst/Constant;)I @ 12
Event: 1.657 Thread 0x000000000110e000 Uncommon trap: reason=class_check action=maybe_recompile pc=0x000000000333ff18 method=com.android.dx.ssa.NormalSsaInsn.accept(Lcom/android/dx/ssa/SsaInsn$Visitor;)V @ 9
Event: 1.658 Thread 0x000000000110e000 Uncommon trap: reason=class_check action=maybe_recompile pc=0x0000000003333078 method=com.android.dx.ssa.NormalSsaInsn.accept(Lcom/android/dx/ssa/SsaInsn$Visitor;)V @ 9
Event: 1.658 Thread 0x000000000110e000 Uncommon trap: reason=class_check action=maybe_recompile pc=0x0000000003333078 method=com.android.dx.ssa.NormalSsaInsn.accept(Lcom/android/dx/ssa/SsaInsn$Visitor;)V @ 9
Event: 1.658 Thread 0x000000000110e000 Uncommon trap: reason=class_check action=maybe_recompile pc=0x0000000003333078 method=com.android.dx.ssa.NormalSsaInsn.accept(Lcom/android/dx/ssa/SsaInsn$Visitor;)V @ 9
Event: 1.687 Thread 0x000000000110e000 Uncommon trap: reason=class_check action=maybe_recompile pc=0x000000000333ff18 method=com.android.dx.ssa.NormalSsaInsn.accept(Lcom/android/dx/ssa/SsaInsn$Visitor;)V @ 9

Classes redefined (0 events):
No events

Internal exceptions (2 events):
Event: 0.050 Thread 0x000000000110e000 Exception <a 'java/lang/NoSuchMethodError': Method sun.misc.Unsafe.defineClass(Ljava/lang/String;[BII)Ljava/lang/Class; name or signature does not match> (0x00000000eab07ca8) thrown at [D:\src\AOSP-openjdk-cygwin\jdk8u\hotspot\src\share\vm\prims\jni.cpp, 
Event: 0.050 Thread 0x000000000110e000 Exception <a 'java/lang/NoSuchMethodError': Method sun.misc.Unsafe.prefetchRead(Ljava/lang/Object;J)V name or signature does not match> (0x00000000eab07f90) thrown at [D:\src\AOSP-openjdk-cygwin\jdk8u\hotspot\src\share\vm\prims\jni.cpp, line 4011]

Events (10 events):
Event: 1.658 Thread 0x000000000110e000 DEOPT UNPACKING pc=0x000000000301556a sp=0x0000000002e2e290 mode 2
Event: 1.658 Thread 0x000000000110e000 Uncommon trap: trap_request=0xffffffde fr.pc=0x0000000003333078
Event: 1.658 Thread 0x000000000110e000 DEOPT PACKING pc=0x0000000003333078 sp=0x0000000002e2e240
Event: 1.658 Thread 0x000000000110e000 DEOPT UNPACKING pc=0x000000000301556a sp=0x0000000002e2e290 mode 2
Event: 1.658 Thread 0x000000000110e000 Uncommon trap: trap_request=0xffffffde fr.pc=0x0000000003333078
Event: 1.658 Thread 0x000000000110e000 DEOPT PACKING pc=0x0000000003333078 sp=0x0000000002e2e240
Event: 1.658 Thread 0x000000000110e000 DEOPT UNPACKING pc=0x000000000301556a sp=0x0000000002e2e290 mode 2
Event: 1.687 Thread 0x000000000110e000 Uncommon trap: trap_request=0xffffffde fr.pc=0x000000000333ff18
Event: 1.687 Thread 0x000000000110e000 DEOPT PACKING pc=0x000000000333ff18 sp=0x0000000002e2e240
Event: 1.687 Thread 0x000000000110e000 DEOPT UNPACKING pc=0x000000000301556a sp=0x0000000002e2e210 mode 2


Dynamic libraries:
0x00007ff666d80000 - 0x00007ff666db1000 	C:\Program Files\Android\Android Studio\jre\bin\java.exe
0x00007ff944a30000 - 0x00007ff944bdd000 	C:\Windows\SYSTEM32\ntdll.dll
0x00007ff9425e0000 - 0x00007ff94271e000 	C:\Windows\system32\KERNEL32.DLL
0x00007ff941d30000 - 0x00007ff941e45000 	C:\Windows\system32\KERNELBASE.dll
0x00007ff942f20000 - 0x00007ff942fca000 	C:\Windows\system32\ADVAPI32.dll
0x00007ff942da0000 - 0x00007ff942f17000 	C:\Windows\system32\USER32.dll
0x00007ff93f870000 - 0x00007ff93faeb000 	C:\Windows\WinSxS\amd64_microsoft.windows.common-controls_6595b64144ccf1df_6.0.9600.18006_none_623f33d3ecbe86e8\COMCTL32.dll
0x00007ff942cf0000 - 0x00007ff942d9a000 	C:\Windows\system32\msvcrt.dll
0x00007ff9427a0000 - 0x00007ff9427f9000 	C:\Windows\SYSTEM32\sechost.dll
0x00007ff942af0000 - 0x00007ff942c30000 	C:\Windows\system32\RPCRT4.dll
0x00007ff9433b0000 - 0x00007ff9434fb000 	C:\Windows\system32\GDI32.dll
0x00007ff942090000 - 0x00007ff9420be000 	C:\Windows\system32\SspiCli.dll
0x00007ff942220000 - 0x00007ff942256000 	C:\Windows\system32\IMM32.DLL
0x00007ff9431f0000 - 0x00007ff943341000 	C:\Windows\system32\MSCTF.dll
0x00007ff941ae0000 - 0x00007ff941b10000 	C:\Windows\system32\nvinitx.dll
0x00007ff941ad0000 - 0x00007ff941ada000 	C:\Windows\SYSTEM32\VERSION.dll
0x000000006c450000 - 0x000000006c456000 	C:\Program Files\NVIDIA Corporation\CoProcManager\_etoured.dll
0x00007ff93f590000 - 0x00007ff93f5c8000 	C:\Program Files\NVIDIA Corporation\CoProcManager\nvd3d9wrapx.dll
0x00007ff942400000 - 0x00007ff9425da000 	C:\Windows\system32\SETUPAPI.dll
0x00007ff941c30000 - 0x00007ff941c7f000 	C:\Windows\system32\CFGMGR32.dll
0x00007ff93f540000 - 0x00007ff93f564000 	C:\Program Files\NVIDIA Corporation\CoProcManager\nvdxgiwrapx.dll
0x000000006ba90000 - 0x000000006bb62000 	C:\Program Files\Android\Android Studio\jre\jre\bin\msvcr100.dll
0x000000006bb70000 - 0x000000006c3ae000 	C:\Program Files\Android\Android Studio\jre\jre\bin\server\jvm.dll
0x00007ff93f400000 - 0x00007ff93f409000 	C:\Windows\SYSTEM32\WSOCK32.dll
0x00007ff93d170000 - 0x00007ff93d192000 	C:\Windows\SYSTEM32\WINMM.dll
0x00007ff942200000 - 0x00007ff942207000 	C:\Windows\system32\PSAPI.DLL
0x00007ff942800000 - 0x00007ff94285a000 	C:\Windows\system32\WS2_32.dll
0x00007ff93ec50000 - 0x00007ff93ec7a000 	C:\Windows\SYSTEM32\WINMMBASE.dll
0x00007ff942a20000 - 0x00007ff942a29000 	C:\Windows\system32\NSI.dll
0x00007ff940930000 - 0x00007ff940958000 	C:\Windows\SYSTEM32\DEVOBJ.dll
0x00007ff93f3d0000 - 0x00007ff93f3df000 	C:\Program Files\Android\Android Studio\jre\jre\bin\verify.dll
0x00007ff936700000 - 0x00007ff936729000 	C:\Program Files\Android\Android Studio\jre\jre\bin\java.dll
0x00007ff937a50000 - 0x00007ff937a66000 	C:\Program Files\Android\Android Studio\jre\jre\bin\zip.dll
0x00007ff943500000 - 0x00007ff944a29000 	C:\Windows\system32\SHELL32.dll
0x00007ff942fd0000 - 0x00007ff9431e2000 	C:\Windows\SYSTEM32\combase.dll
0x00007ff943350000 - 0x00007ff9433a4000 	C:\Windows\system32\SHLWAPI.dll
0x00007ff9406b0000 - 0x00007ff940762000 	C:\Windows\SYSTEM32\SHCORE.dll
0x00007ff941ab0000 - 0x00007ff941ac5000 	C:\Windows\SYSTEM32\profapi.dll

VM Arguments:
jvm_args: -Djava.awt.headless=true -Xmx1024M -Dfile.encoding=windows-1252 -Duser.country=US -Duser.language=en -Duser.variant 
java_command: com.android.dx.command.Main --dex --num-threads=4 --output D:\ITK\semester 5\android project\contoh app\EcomSample-master\app\build\intermediates\pre-dexed\debug\com.android.support-support-fragment-24.2.1_7229a9df2e09132bd9bede8c9d01fa7ce9d1845f.jar D:\ITK\semester 5\android project\contoh app\EcomSample-master\app\build\intermediates\exploded-aar\com.android.support\support-fragment\24.2.1\jars\classes.jar
java_class_path (initial): C:\Users\ramaqq\AppData\Local\Android\sdk\build-tools\24.0.1\lib\dx.jar
Launcher Type: SUN_STANDARD

Environment Variables:
PATH=C:\Program Files (x86)\Common Files\Intel\Shared Files\cpp\bin\Intel64;C:\ProgramData\Oracle\Java\javapath;C:\Program Files\Rockwell Software\RSCommon;C:\Program Files (x86)\Intel\iCLS Client\;C:\Program Files\Intel\iCLS Client\;C:\Windows\system32;C:\Windows;C:\Windows\System32\Wbem;C:\Windows\System32\WindowsPowerShell\v1.0\;C:\Windows\idmu\common;C:\Program Files\Intel\Intel(R) Management Engine Components\DAL;C:\Program Files\Intel\Intel(R) Management Engine Components\IPT;C:\Program Files (x86)\Intel\Intel(R) Management Engine Components\DAL;C:\Program Files (x86)\Intel\Intel(R) Management Engine Components\IPT;C:\Program Files (x86)\NVIDIA Corporation\PhysX\Common;C:\Program Files\MATLAB\R2013a\runtime\win64;C:\Program Files\MATLAB\R2013a\bin;C:\Program Files\Git\cmd
USERNAME=ramaqq
OS=Windows_NT
PROCESSOR_IDENTIFIER=Intel64 Family 6 Model 42 Stepping 7, GenuineIntel



---------------  S Y S T E M  ---------------

OS: Windows 8.1 , 64 bit Build 9600 (6.3.9600.17415)

CPU:total 4 (initial active 4) (2 cores per cpu, 2 threads per core) family 6 model 42 stepping 7, cmov, cx8, fxsr, mmx, sse, sse2, sse3, ssse3, sse4.1, sse4.2, popcnt, avx, clmul, ht, tsc, tscinvbit

Memory: 4k page, physical 6123884k(415136k free), swap 9269612k(3760k free)

vm_info: OpenJDK 64-Bit Server VM (25.152-b01) for windows-amd64 JRE (1.8.0_152-release-915-b01), built by "builder" with MS VC++ 10.0 (VS2010)

time: Mon Dec 04 02:15:27 2017
elapsed time: 2 seconds (0d 0h 0m 2s)

