#
# There is insufficient memory for the Java Runtime Environment to continue.
# Native memory allocation (malloc) failed to allocate 142224 bytes for Chunk::new
# Possible reasons:
#   The system is out of physical RAM or swap space
#   In 32 bit mode, the process size limit was hit
# Possible solutions:
#   Reduce memory load on the system
#   Increase physical memory or swap space
#   Check if swap backing store is full
#   Use 64 bit Java on a 64 bit OS
#   Decrease Java heap size (-Xmx/-Xms)
#   Decrease number of Java threads
#   Decrease Java thread stack sizes (-Xss)
#   Set larger code cache with -XX:ReservedCodeCacheSize=
# This output file may be truncated or incomplete.
#
#  Out of Memory Error (allocation.cpp:390), pid=4800, tid=0x0000000000001ab0
#
# JRE version: OpenJDK Runtime Environment (8.0_152-b01) (build 1.8.0_152-release-915-b01)
# Java VM: OpenJDK 64-Bit Server VM (25.152-b01 mixed mode windows-amd64 compressed oops)
# Failed to write core dump. Minidumps are not enabled by default on client versions of Windows
#

---------------  T H R E A D  ---------------

Current thread (0x0000000014d3b800):  JavaThread "C2 CompilerThread0" daemon [_thread_in_native, id=6832, stack(0x0000000016380000,0x0000000016480000)]

Stack: [0x0000000016380000,0x0000000016480000]
[error occurred during error reporting (printing stack bounds), id 0xc0000005]

Native frames: (J=compiled Java code, j=interpreted, Vv=VM code, C=native code)


Current CompileTask:
C2:   8388 1198       4       com.android.dx.ssa.SCCP::simulateStmt (481 bytes)


---------------  P R O C E S S  ---------------

Java Threads: ( => current thread )
  0x0000000016685000 JavaThread "Service Thread" daemon [_thread_blocked, id=5628, stack(0x0000000016a80000,0x0000000016b80000)]
  0x0000000014d9d800 JavaThread "C1 CompilerThread2" daemon [_thread_blocked, id=7400, stack(0x0000000016580000,0x0000000016680000)]
  0x0000000014d95000 JavaThread "C2 CompilerThread1" daemon [_thread_in_native, id=2044, stack(0x0000000016480000,0x0000000016580000)]
=>0x0000000014d3b800 JavaThread "C2 CompilerThread0" daemon [_thread_in_native, id=6832, stack(0x0000000016380000,0x0000000016480000)]
  0x0000000014d3a800 JavaThread "Attach Listener" daemon [_thread_blocked, id=424, stack(0x0000000016280000,0x0000000016380000)]
  0x0000000014d39000 JavaThread "Signal Dispatcher" daemon [_thread_blocked, id=4172, stack(0x0000000016180000,0x0000000016280000)]
  0x000000000266c000 JavaThread "Finalizer" daemon [_thread_blocked, id=3184, stack(0x0000000015fa0000,0x00000000160a0000)]
  0x0000000002662000 JavaThread "Reference Handler" daemon [_thread_blocked, id=7816, stack(0x0000000015ea0000,0x0000000015fa0000)]
  0x000000000246e000 JavaThread "main" [_thread_in_Java, id=6020, stack(0x0000000002470000,0x0000000002570000)]

Other Threads:
  0x0000000014d05000 VMThread [stack: 0x0000000015da0000,0x0000000015ea0000] [id=7604]
  0x0000000016687000 WatcherThread [stack: 0x0000000016b80000,0x0000000016c80000] [id=5264]

VM state:not at safepoint (normal execution)

VM Mutex/Monitor currently owned by a thread: None

Heap:
 PSYoungGen      total 28160K, used 1321K [0x00000000eab00000, 0x00000000eca00000, 0x0000000100000000)
  eden space 24576K, 5% used [0x00000000eab00000,0x00000000eac4a598,0x00000000ec300000)
  from space 3584K, 0% used [0x00000000ec680000,0x00000000ec680000,0x00000000eca00000)
  to   space 3584K, 0% used [0x00000000ec300000,0x00000000ec300000,0x00000000ec680000)
 ParOldGen       total 30208K, used 3348K [0x00000000c0000000, 0x00000000c1d80000, 0x00000000eab00000)
  object space 30208K, 11% used [0x00000000c0000000,0x00000000c03451c0,0x00000000c1d80000)
 Metaspace       used 6319K, capacity 7154K, committed 7296K, reserved 1058816K
  class space    used 608K, capacity 618K, committed 640K, reserved 1048576K

Card table byte_map: [0x0000000011a30000,0x0000000011c40000] byte_map_base: 0x0000000011430000

Marking Bits: (ParMarkBitMap*) 0x000000006c333950
 Begin Bits: [0x00000000121a0000, 0x00000000131a0000)
 End Bits:   [0x00000000131a0000, 0x00000000141a0000)

Polling page: 0x0000000000710000

CodeCache: size=245760Kb used=5241Kb max_used=5241Kb free=240518Kb
 bounds [0x0000000002670000, 0x0000000002ba0000, 0x0000000011670000]
 total_blobs=1660 nmethods=1391 adapters=183
 compilation: enabled

Compilation events (10 events):
Event: 6.909 Thread 0x0000000014d9d800 1275       3       java.lang.Enum::compareTo (44 bytes)
Event: 6.910 Thread 0x0000000014d9d800 nmethod 1275 0x0000000002b30310 code [0x0000000002b304c0, 0x0000000002b30dc8]
Event: 6.910 Thread 0x0000000014d9d800 1276       3       com.android.dx.dex.file.MixedItemSection$1::compare (13 bytes)
Event: 6.910 Thread 0x0000000014d9d800 nmethod 1276 0x0000000002b336d0 code [0x0000000002b33880, 0x0000000002b33ec8]
Event: 6.911 Thread 0x0000000014d9d800 1277       3       com.android.dx.dex.file.AnnotationSetItem::itemType (4 bytes)
Event: 6.911 Thread 0x0000000014d9d800 nmethod 1277 0x0000000002b2ffd0 code [0x0000000002b30120, 0x0000000002b30270]
Event: 6.911 Thread 0x0000000014d9d800 1278       3       java.util.TimSort::sort (229 bytes)
Event: 6.912 Thread 0x0000000014d9d800 nmethod 1278 0x0000000002b34110 code [0x0000000002b34300, 0x0000000002b349f8]
Event: 6.913 Thread 0x0000000014d9d800 1279       1       com.android.dx.dex.code.DalvInsn::getOpcode (5 bytes)
Event: 6.914 Thread 0x0000000014d9d800 nmethod 1279 0x0000000002b2fd10 code [0x0000000002b2fe60, 0x0000000002b2ff70]

GC Heap History (2 events):
Event: 6.918 GC heap before
{Heap before GC invocations=1 (full 0):
 PSYoungGen      total 28160K, used 24576K [0x00000000eab00000, 0x00000000eca00000, 0x0000000100000000)
  eden space 24576K, 100% used [0x00000000eab00000,0x00000000ec300000,0x00000000ec300000)
  from space 3584K, 0% used [0x00000000ec680000,0x00000000ec680000,0x00000000eca00000)
  to   space 3584K, 0% used [0x00000000ec300000,0x00000000ec300000,0x00000000ec680000)
 ParOldGen       total 64512K, used 0K [0x00000000c0000000, 0x00000000c3f00000, 0x00000000eab00000)
  object space 64512K, 0% used [0x00000000c0000000,0x00000000c0000000,0x00000000c3f00000)
 Metaspace       used 6121K, capacity 6962K, committed 7040K, reserved 1056768K
  class space    used 599K, capacity 618K, committed 640K, reserved 1048576K
Event: 7.816 GC heap after
Heap after GC invocations=1 (full 0):
 PSYoungGen      total 28160K, used 3568K [0x00000000eab00000, 0x00000000eca00000, 0x0000000100000000)
  eden space 24576K, 0% used [0x00000000eab00000,0x00000000eab00000,0x00000000ec300000)
  from space 3584K, 99% used [0x00000000ec300000,0x00000000ec67c048,0x00000000ec680000)
  to   space 3584K, 0% used [0x00000000ec680000,0x00000000ec680000,0x00000000eca00000)
 ParOldGen       total 64512K, used 1602K [0x00000000c0000000, 0x00000000c3f00000, 0x00000000eab00000)
  object space 64512K, 2% used [0x00000000c0000000,0x00000000c0190890,0x00000000c3f00000)
 Metaspace       used 6121K, capacity 6962K, committed 7040K, reserved 1056768K
  class space    used 599K, capacity 618K, committed 640K, reserved 1048576K
}

Deoptimization events (10 events):
Event: 6.727 Thread 0x000000000246e000 Uncommon trap: reason=class_check action=maybe_recompile pc=0x0000000002af76f4 method=java.util.Arrays.hashCode([Ljava/lang/Object;)I @ 43
Event: 6.731 Thread 0x000000000246e000 Uncommon trap: reason=bimorphic action=maybe_recompile pc=0x00000000028a449c method=java.util.HashMap.getNode(ILjava/lang/Object;)Ljava/util/HashMap$Node; @ 126
Event: 6.731 Thread 0x000000000246e000 Uncommon trap: reason=bimorphic action=maybe_recompile pc=0x00000000028a449c method=java.util.HashMap.getNode(ILjava/lang/Object;)Ljava/util/HashMap$Node; @ 126
Event: 6.731 Thread 0x000000000246e000 Uncommon trap: reason=bimorphic action=maybe_recompile pc=0x00000000028a449c method=java.util.HashMap.getNode(ILjava/lang/Object;)Ljava/util/HashMap$Node; @ 126
Event: 6.731 Thread 0x000000000246e000 Uncommon trap: reason=bimorphic action=maybe_recompile pc=0x00000000028a449c method=java.util.HashMap.getNode(ILjava/lang/Object;)Ljava/util/HashMap$Node; @ 126
Event: 6.731 Thread 0x000000000246e000 Uncommon trap: reason=bimorphic action=maybe_recompile pc=0x0000000002987580 method=java.util.HashMap.getNode(ILjava/lang/Object;)Ljava/util/HashMap$Node; @ 126
Event: 6.735 Thread 0x000000000246e000 Uncommon trap: reason=class_check action=maybe_recompile pc=0x0000000002b0fefc method=java.util.HashMap.putVal(ILjava/lang/Object;Ljava/lang/Object;ZZ)Ljava/lang/Object; @ 203
Event: 6.735 Thread 0x000000000246e000 Uncommon trap: reason=class_check action=maybe_recompile pc=0x0000000002b0fefc method=java.util.HashMap.putVal(ILjava/lang/Object;Ljava/lang/Object;ZZ)Ljava/lang/Object; @ 203
Event: 6.735 Thread 0x000000000246e000 Uncommon trap: reason=class_check action=maybe_recompile pc=0x0000000002b0fefc method=java.util.HashMap.putVal(ILjava/lang/Object;Ljava/lang/Object;ZZ)Ljava/lang/Object; @ 203
Event: 6.735 Thread 0x000000000246e000 Uncommon trap: reason=class_check action=maybe_recompile pc=0x0000000002b0fefc method=java.util.HashMap.putVal(ILjava/lang/Object;Ljava/lang/Object;ZZ)Ljava/lang/Object; @ 203

Classes redefined (0 events):
No events

Internal exceptions (3 events):
Event: 0.062 Thread 0x000000000246e000 Exception <a 'java/lang/NoSuchMethodError': Method sun.misc.Unsafe.defineClass(Ljava/lang/String;[BII)Ljava/lang/Class; name or signature does not match> (0x00000000eab07ca8) thrown at [D:\src\AOSP-openjdk-cygwin\jdk8u\hotspot\src\share\vm\prims\jni.cpp, 
Event: 0.062 Thread 0x000000000246e000 Exception <a 'java/lang/NoSuchMethodError': Method sun.misc.Unsafe.prefetchRead(Ljava/lang/Object;J)V name or signature does not match> (0x00000000eab07f90) thrown at [D:\src\AOSP-openjdk-cygwin\jdk8u\hotspot\src\share\vm\prims\jni.cpp, line 4011]
Event: 5.788 Thread 0x0000000016802000 Implicit null exception at 0x000000000290692f to 0x00000000029093e9

Events (10 events):
Event: 6.915 loading class com/android/dx/dex/code/PositionList
Event: 6.915 loading class com/android/dx/dex/code/PositionList done
Event: 6.916 loading class com/android/dx/dex/code/PositionList$Entry
Event: 6.916 loading class com/android/dx/dex/code/PositionList$Entry done
Event: 6.917 loading class com/android/dx/dex/code/LocalList
Event: 6.917 loading class com/android/dx/dex/code/LocalList done
Event: 6.918 loading class com/android/dx/dex/code/LocalList$MakeState
Event: 6.918 loading class com/android/dx/dex/code/LocalList$MakeState done
Event: 6.918 Executing VM operation: ParallelGCFailedAllocation
Event: 7.816 Executing VM operation: ParallelGCFailedAllocation done


Dynamic libraries:
0x00007ff666d80000 - 0x00007ff666db1000 	C:\Program Files\Android\Android Studio\jre\bin\java.exe
0x00007ff944a30000 - 0x00007ff944bdd000 	C:\Windows\SYSTEM32\ntdll.dll
0x00007ff9425e0000 - 0x00007ff94271e000 	C:\Windows\system32\KERNEL32.DLL
0x00007ff941d30000 - 0x00007ff941e45000 	C:\Windows\system32\KERNELBASE.dll
0x00007ff942f20000 - 0x00007ff942fca000 	C:\Windows\system32\ADVAPI32.dll
0x00007ff942da0000 - 0x00007ff942f17000 	C:\Windows\system32\USER32.dll
0x00007ff93f870000 - 0x00007ff93faeb000 	C:\Windows\WinSxS\amd64_microsoft.windows.common-controls_6595b64144ccf1df_6.0.9600.18006_none_623f33d3ecbe86e8\COMCTL32.dll
0x00007ff942cf0000 - 0x00007ff942d9a000 	C:\Windows\system32\msvcrt.dll
0x00007ff9427a0000 - 0x00007ff9427f9000 	C:\Windows\SYSTEM32\sechost.dll
0x00007ff942af0000 - 0x00007ff942c30000 	C:\Windows\system32\RPCRT4.dll
0x00007ff9433b0000 - 0x00007ff9434fb000 	C:\Windows\system32\GDI32.dll
0x00007ff942090000 - 0x00007ff9420be000 	C:\Windows\system32\SspiCli.dll
0x00007ff942220000 - 0x00007ff942256000 	C:\Windows\system32\IMM32.DLL
0x00007ff9431f0000 - 0x00007ff943341000 	C:\Windows\system32\MSCTF.dll
0x00007ff941ae0000 - 0x00007ff941b10000 	C:\Windows\system32\nvinitx.dll
0x00007ff941ad0000 - 0x00007ff941ada000 	C:\Windows\SYSTEM32\VERSION.dll
0x000000006c450000 - 0x000000006c456000 	C:\Program Files\NVIDIA Corporation\CoProcManager\_etoured.dll
0x00007ff93f590000 - 0x00007ff93f5c8000 	C:\Program Files\NVIDIA Corporation\CoProcManager\nvd3d9wrapx.dll
0x00007ff942400000 - 0x00007ff9425da000 	C:\Windows\system32\SETUPAPI.dll
0x00007ff941c30000 - 0x00007ff941c7f000 	C:\Windows\system32\CFGMGR32.dll
0x00007ff93f540000 - 0x00007ff93f564000 	C:\Program Files\NVIDIA Corporation\CoProcManager\nvdxgiwrapx.dll
0x000000006ba90000 - 0x000000006bb62000 	C:\Program Files\Android\Android Studio\jre\jre\bin\msvcr100.dll
0x000000006bb70000 - 0x000000006c3ae000 	C:\Program Files\Android\Android Studio\jre\jre\bin\server\jvm.dll
0x00007ff93f400000 - 0x00007ff93f409000 	C:\Windows\SYSTEM32\WSOCK32.dll
0x00007ff93d170000 - 0x00007ff93d192000 	C:\Windows\SYSTEM32\WINMM.dll
0x00007ff942200000 - 0x00007ff942207000 	C:\Windows\system32\PSAPI.DLL
0x00007ff942800000 - 0x00007ff94285a000 	C:\Windows\system32\WS2_32.dll
0x00007ff93ec50000 - 0x00007ff93ec7a000 	C:\Windows\SYSTEM32\WINMMBASE.dll
0x00007ff942a20000 - 0x00007ff942a29000 	C:\Windows\system32\NSI.dll
0x00007ff940930000 - 0x00007ff940958000 	C:\Windows\SYSTEM32\DEVOBJ.dll
0x00007ff93f3d0000 - 0x00007ff93f3df000 	C:\Program Files\Android\Android Studio\jre\jre\bin\verify.dll
0x00007ff936700000 - 0x00007ff936729000 	C:\Program Files\Android\Android Studio\jre\jre\bin\java.dll
0x00007ff937a50000 - 0x00007ff937a66000 	C:\Program Files\Android\Android Studio\jre\jre\bin\zip.dll
0x00007ff943500000 - 0x00007ff944a29000 	C:\Windows\system32\SHELL32.dll
0x00007ff942fd0000 - 0x00007ff9431e2000 	C:\Windows\SYSTEM32\combase.dll
0x00007ff943350000 - 0x00007ff9433a4000 	C:\Windows\system32\SHLWAPI.dll
0x00007ff9406b0000 - 0x00007ff940762000 	C:\Windows\SYSTEM32\SHCORE.dll
0x00007ff941ab0000 - 0x00007ff941ac5000 	C:\Windows\SYSTEM32\profapi.dll

VM Arguments:
jvm_args: -Djava.awt.headless=true -Xmx1024M -Dfile.encoding=windows-1252 -Duser.country=US -Duser.language=en -Duser.variant 
java_command: com.android.dx.command.Main --dex --num-threads=4 --output D:\ITK\semester 5\android project\contoh app\EcomSample-master\app\build\intermediates\pre-dexed\debug\bolts-tasks-1.4.0_9323874f1283bcf532d03ae460374fd776c19009.jar C:\Users\ramaqq\.gradle\caches\modules-2\files-2.1\com.parse.bolts\bolts-tasks\1.4.0\d85884acf6810a3bbbecb587f239005cbc846dc4\bolts-tasks-1.4.0.jar
java_class_path (initial): C:\Users\ramaqq\AppData\Local\Android\sdk\build-tools\24.0.1\lib\dx.jar
Launcher Type: SUN_STANDARD

Environment Variables:
PATH=C:\Program Files (x86)\Common Files\Intel\Shared Files\cpp\bin\Intel64;C:\ProgramData\Oracle\Java\javapath;C:\Program Files\Rockwell Software\RSCommon;C:\Program Files (x86)\Intel\iCLS Client\;C:\Program Files\Intel\iCLS Client\;C:\Windows\system32;C:\Windows;C:\Windows\System32\Wbem;C:\Windows\System32\WindowsPowerShell\v1.0\;C:\Windows\idmu\common;C:\Program Files\Intel\Intel(R) Management Engine Components\DAL;C:\Program Files\Intel\Intel(R) Management Engine Components\IPT;C:\Program Files (x86)\Intel\Intel(R) Management Engine Components\DAL;C:\Program Files (x86)\Intel\Intel(R) Management Engine Components\IPT;C:\Program Files (x86)\NVIDIA Corporation\PhysX\Common;C:\Program Files\MATLAB\R2013a\runtime\win64;C:\Program Files\MATLAB\R2013a\bin;C:\Program Files\Git\cmd
USERNAME=ramaqq
OS=Windows_NT
PROCESSOR_IDENTIFIER=Intel64 Family 6 Model 42 Stepping 7, GenuineIntel



---------------  S Y S T E M  ---------------

OS: Windows 8.1 , 64 bit Build 9600 (6.3.9600.17415)

CPU:total 4 (initial active 4) (2 cores per cpu, 2 threads per core) family 6 model 42 stepping 7, cmov, cx8, fxsr, mmx, sse, sse2, sse3, ssse3, sse4.1, sse4.2, popcnt, avx, clmul, ht, tsc, tscinvbit

Memory: 4k page, physical 6123884k(317408k free), swap 9269612k(22224k free)

vm_info: OpenJDK 64-Bit Server VM (25.152-b01) for windows-amd64 JRE (1.8.0_152-release-915-b01), built by "builder" with MS VC++ 10.0 (VS2010)

time: Mon Dec 04 02:15:04 2017
elapsed time: 8 seconds (0d 0h 0m 8s)

