#
# There is insufficient memory for the Java Runtime Environment to continue.
# Native memory allocation (malloc) failed to allocate 37312 bytes for Chunk::new
# Possible reasons:
#   The system is out of physical RAM or swap space
#   In 32 bit mode, the process size limit was hit
# Possible solutions:
#   Reduce memory load on the system
#   Increase physical memory or swap space
#   Check if swap backing store is full
#   Use 64 bit Java on a 64 bit OS
#   Decrease Java heap size (-Xmx/-Xms)
#   Decrease number of Java threads
#   Decrease Java thread stack sizes (-Xss)
#   Set larger code cache with -XX:ReservedCodeCacheSize=
# This output file may be truncated or incomplete.
#
#  Out of Memory Error (allocation.cpp:390), pid=6596, tid=0x0000000000000da4
#
# JRE version: OpenJDK Runtime Environment (8.0_152-b01) (build 1.8.0_152-release-915-b01)
# Java VM: OpenJDK 64-Bit Server VM (25.152-b01 mixed mode windows-amd64 compressed oops)
# Failed to write core dump. Minidumps are not enabled by default on client versions of Windows
#

---------------  T H R E A D  ---------------

Current thread (0x000000001523b800):  JavaThread "C2 CompilerThread0" daemon [_thread_in_native, id=3492, stack(0x0000000016870000,0x0000000016970000)]

Stack: [0x0000000016870000,0x0000000016970000]
[error occurred during error reporting (printing stack bounds), id 0xc0000005]

Native frames: (J=compiled Java code, j=interpreted, Vv=VM code, C=native code)


Current CompileTask:
C2:   3328 1206       4       com.android.dx.ssa.SCCP::simulatePhi (169 bytes)


---------------  P R O C E S S  ---------------

Java Threads: ( => current thread )
  0x0000000016ddb800 JavaThread "pool-1-thread-4" [_thread_blocked, id=4016, stack(0x0000000017570000,0x0000000017670000)]
  0x0000000016e00800 JavaThread "pool-1-thread-3" [_thread_blocked, id=5556, stack(0x0000000017470000,0x0000000017570000)]
  0x0000000016dff800 JavaThread "pool-1-thread-2" [_thread_blocked, id=9824, stack(0x0000000017370000,0x0000000017470000)]
  0x0000000016df5000 JavaThread "pool-2-thread-1" [_thread_blocked, id=8668, stack(0x0000000017270000,0x0000000017370000)]
  0x0000000016dcb800 JavaThread "pool-1-thread-1" [_thread_blocked, id=5096, stack(0x0000000017170000,0x0000000017270000)]
  0x0000000016b7c000 JavaThread "Service Thread" daemon [_thread_blocked, id=624, stack(0x0000000016f70000,0x0000000017070000)]
  0x000000001529a800 JavaThread "C1 CompilerThread2" daemon [_thread_blocked, id=6948, stack(0x0000000016a70000,0x0000000016b70000)]
  0x0000000015295000 JavaThread "C2 CompilerThread1" daemon [_thread_in_native, id=7224, stack(0x0000000016970000,0x0000000016a70000)]
=>0x000000001523b800 JavaThread "C2 CompilerThread0" daemon [_thread_in_native, id=3492, stack(0x0000000016870000,0x0000000016970000)]
  0x000000001523a800 JavaThread "Attach Listener" daemon [_thread_blocked, id=504, stack(0x0000000016770000,0x0000000016870000)]
  0x0000000015239000 JavaThread "Signal Dispatcher" daemon [_thread_blocked, id=8468, stack(0x0000000016670000,0x0000000016770000)]
  0x0000000002b6c000 JavaThread "Finalizer" daemon [_thread_blocked, id=10160, stack(0x0000000016490000,0x0000000016590000)]
  0x0000000002b62000 JavaThread "Reference Handler" daemon [_thread_blocked, id=9108, stack(0x0000000016390000,0x0000000016490000)]
  0x000000000296e000 JavaThread "main" [_thread_in_native, id=8776, stack(0x0000000002970000,0x0000000002a70000)]

Other Threads:
  0x0000000015205000 VMThread [stack: 0x0000000016290000,0x0000000016390000] [id=6384]
  0x0000000016b71800 WatcherThread [stack: 0x0000000017070000,0x0000000017170000] [id=1600]

VM state:not at safepoint (normal execution)

VM Mutex/Monitor currently owned by a thread: None

Heap:
 PSYoungGen      total 28160K, used 10939K [0x00000000eab00000, 0x00000000eca00000, 0x0000000100000000)
  eden space 24576K, 29% used [0x00000000eab00000,0x00000000eb22f8d0,0x00000000ec300000)
  from space 3584K, 99% used [0x00000000ec680000,0x00000000ec9ff450,0x00000000eca00000)
  to   space 3584K, 0% used [0x00000000ec300000,0x00000000ec300000,0x00000000ec680000)
 ParOldGen       total 64512K, used 5082K [0x00000000c0000000, 0x00000000c3f00000, 0x00000000eab00000)
  object space 64512K, 7% used [0x00000000c0000000,0x00000000c04f69e0,0x00000000c3f00000)
 Metaspace       used 6176K, capacity 7024K, committed 7296K, reserved 1056768K
  class space    used 595K, capacity 616K, committed 640K, reserved 1048576K

Card table byte_map: [0x0000000011f30000,0x0000000012140000] byte_map_base: 0x0000000011930000

Marking Bits: (ParMarkBitMap*) 0x000000006c333950
 Begin Bits: [0x00000000126a0000, 0x00000000136a0000)
 End Bits:   [0x00000000136a0000, 0x00000000146a0000)

Polling page: 0x0000000000ba0000

CodeCache: size=245760Kb used=5104Kb max_used=5104Kb free=240655Kb
 bounds [0x0000000002b70000, 0x0000000003070000, 0x0000000011b70000]
 total_blobs=1551 nmethods=1279 adapters=185
 compilation: disabled (not enough contiguous free space left)

Compilation events (10 events):
Event: 2.254 Thread 0x0000000015295000 1202       4       com.android.dx.ssa.SsaMethod$2::visitNonMoveInsn (6 bytes)
Event: 2.254 Thread 0x000000001529a800 nmethod 1201 0x000000000301bad0 code [0x000000000301bc20, 0x000000000301bd70]
Event: 2.254 Thread 0x000000001523b800 1203       4       com.android.dx.ssa.SsaMethod$1::visitNonMoveInsn (26 bytes)
Event: 2.255 Thread 0x0000000015295000 nmethod 1202 0x0000000002fea410 code [0x0000000002fea560, 0x0000000002fea5e8]
Event: 2.255 Thread 0x0000000015295000 1204       4       com.android.dx.ssa.SCCP::addBlockToWorklist (47 bytes)
Event: 2.256 Thread 0x000000001523b800 nmethod 1203 0x000000000301b710 code [0x000000000301b860, 0x000000000301b958]
Event: 2.272 Thread 0x0000000015295000 nmethod 1204 0x0000000003023790 code [0x0000000003023920, 0x0000000003024168]
Event: 2.369 Thread 0x000000001529a800 1205       3       com.android.dx.rop.cst.CstLiteral64::equals (36 bytes)
Event: 2.370 Thread 0x000000001529a800 nmethod 1205 0x000000000301b050 code [0x000000000301b1c0, 0x000000000301b610]
Event: 2.371 Thread 0x000000001523b800 1206       4       com.android.dx.ssa.SCCP::simulatePhi (169 bytes)

GC Heap History (2 events):
Event: 2.182 GC heap before
{Heap before GC invocations=1 (full 0):
 PSYoungGen      total 28160K, used 24576K [0x00000000eab00000, 0x00000000eca00000, 0x0000000100000000)
  eden space 24576K, 100% used [0x00000000eab00000,0x00000000ec300000,0x00000000ec300000)
  from space 3584K, 0% used [0x00000000ec680000,0x00000000ec680000,0x00000000eca00000)
  to   space 3584K, 0% used [0x00000000ec300000,0x00000000ec300000,0x00000000ec680000)
 ParOldGen       total 64512K, used 0K [0x00000000c0000000, 0x00000000c3f00000, 0x00000000eab00000)
  object space 64512K, 0% used [0x00000000c0000000,0x00000000c0000000,0x00000000c3f00000)
 Metaspace       used 6018K, capacity 6896K, committed 7040K, reserved 1056768K
  class space    used 590K, capacity 616K, committed 640K, reserved 1048576K
Event: 2.191 GC heap after
Heap after GC invocations=1 (full 0):
 PSYoungGen      total 28160K, used 3562K [0x00000000eab00000, 0x00000000eca00000, 0x0000000100000000)
  eden space 24576K, 0% used [0x00000000eab00000,0x00000000eab00000,0x00000000ec300000)
  from space 3584K, 99% used [0x00000000ec300000,0x00000000ec67aaa8,0x00000000ec680000)
  to   space 3584K, 0% used [0x00000000ec680000,0x00000000ec680000,0x00000000eca00000)
 ParOldGen       total 64512K, used 1802K [0x00000000c0000000, 0x00000000c3f00000, 0x00000000eab00000)
  object space 64512K, 2% used [0x00000000c0000000,0x00000000c01c2a30,0x00000000c3f00000)
 Metaspace       used 6018K, capacity 6896K, committed 7040K, reserved 1056768K
  class space    used 590K, capacity 616K, committed 640K, reserved 1048576K
}

Deoptimization events (3 events):
Event: 0.951 Thread 0x0000000016dcb800 Uncommon trap: reason=unstable_if action=reinterpret pc=0x0000000002d76e1c method=java.util.HashMap.getNode(ILjava/lang/Object;)Ljava/util/HashMap$Node; @ 129
Event: 1.198 Thread 0x0000000016ddb800 Uncommon trap: reason=null_check action=make_not_entrant pc=0x0000000002df092c method=com.android.dx.ssa.SsaRenamer.getLocalForNewReg(I)Lcom/android/dx/rop/code/LocalItem; @ 19
Event: 1.887 Thread 0x000000000296e000 Uncommon trap: reason=unstable_if action=reinterpret pc=0x0000000002ef70fc method=com.android.dx.util.IntList.binarysearch(I)I @ 105

Classes redefined (0 events):
No events

Internal exceptions (3 events):
Event: 0.047 Thread 0x000000000296e000 Exception <a 'java/lang/NoSuchMethodError': Method sun.misc.Unsafe.defineClass(Ljava/lang/String;[BII)Ljava/lang/Class; name or signature does not match> (0x00000000eab07ca8) thrown at [D:\src\AOSP-openjdk-cygwin\jdk8u\hotspot\src\share\vm\prims\jni.cpp, 
Event: 0.047 Thread 0x000000000296e000 Exception <a 'java/lang/NoSuchMethodError': Method sun.misc.Unsafe.prefetchRead(Ljava/lang/Object;J)V name or signature does not match> (0x00000000eab07f90) thrown at [D:\src\AOSP-openjdk-cygwin\jdk8u\hotspot\src\share\vm\prims\jni.cpp, line 4011]
Event: 1.198 Thread 0x0000000016ddb800 Implicit null exception at 0x0000000002dedea0 to 0x0000000002df08e1

Events (10 events):
Event: 1.198 Thread 0x0000000016ddb800 DEOPT UNPACKING pc=0x0000000002bb556a sp=0x000000001766e348 mode 2
Event: 1.210 Executing VM operation: ForceSafepoint
Event: 1.210 Executing VM operation: ForceSafepoint done
Event: 1.887 Thread 0x000000000296e000 Uncommon trap: trap_request=0xffffff65 fr.pc=0x0000000002ef70fc
Event: 1.887 Thread 0x000000000296e000 DEOPT PACKING pc=0x0000000002ef70fc sp=0x0000000002a6e420
Event: 1.887 Thread 0x000000000296e000 DEOPT UNPACKING pc=0x0000000002bb556a sp=0x0000000002a6e398 mode 2
Event: 2.177 Executing VM operation: ForceSafepoint
Event: 2.177 Executing VM operation: ForceSafepoint done
Event: 2.182 Executing VM operation: ParallelGCFailedAllocation
Event: 2.191 Executing VM operation: ParallelGCFailedAllocation done


Dynamic libraries:
0x00007ff666d80000 - 0x00007ff666db1000 	C:\Program Files\Android\Android Studio\jre\bin\java.exe
0x00007ff944a30000 - 0x00007ff944bdd000 	C:\Windows\SYSTEM32\ntdll.dll
0x00007ff9425e0000 - 0x00007ff94271e000 	C:\Windows\system32\KERNEL32.DLL
0x00007ff941d30000 - 0x00007ff941e45000 	C:\Windows\system32\KERNELBASE.dll
0x00007ff942f20000 - 0x00007ff942fca000 	C:\Windows\system32\ADVAPI32.dll
0x00007ff942da0000 - 0x00007ff942f17000 	C:\Windows\system32\USER32.dll
0x00007ff93f870000 - 0x00007ff93faeb000 	C:\Windows\WinSxS\amd64_microsoft.windows.common-controls_6595b64144ccf1df_6.0.9600.18006_none_623f33d3ecbe86e8\COMCTL32.dll
0x00007ff942cf0000 - 0x00007ff942d9a000 	C:\Windows\system32\msvcrt.dll
0x00007ff9427a0000 - 0x00007ff9427f9000 	C:\Windows\SYSTEM32\sechost.dll
0x00007ff942af0000 - 0x00007ff942c30000 	C:\Windows\system32\RPCRT4.dll
0x00007ff9433b0000 - 0x00007ff9434fb000 	C:\Windows\system32\GDI32.dll
0x00007ff942090000 - 0x00007ff9420be000 	C:\Windows\system32\SspiCli.dll
0x00007ff942220000 - 0x00007ff942256000 	C:\Windows\system32\IMM32.DLL
0x00007ff9431f0000 - 0x00007ff943341000 	C:\Windows\system32\MSCTF.dll
0x00007ff941ae0000 - 0x00007ff941b10000 	C:\Windows\system32\nvinitx.dll
0x00007ff941ad0000 - 0x00007ff941ada000 	C:\Windows\SYSTEM32\VERSION.dll
0x000000006c450000 - 0x000000006c456000 	C:\Program Files\NVIDIA Corporation\CoProcManager\_etoured.dll
0x00007ff93f590000 - 0x00007ff93f5c8000 	C:\Program Files\NVIDIA Corporation\CoProcManager\nvd3d9wrapx.dll
0x00007ff942400000 - 0x00007ff9425da000 	C:\Windows\system32\SETUPAPI.dll
0x00007ff941c30000 - 0x00007ff941c7f000 	C:\Windows\system32\CFGMGR32.dll
0x00007ff93f540000 - 0x00007ff93f564000 	C:\Program Files\NVIDIA Corporation\CoProcManager\nvdxgiwrapx.dll
0x000000006ba90000 - 0x000000006bb62000 	C:\Program Files\Android\Android Studio\jre\jre\bin\msvcr100.dll
0x000000006bb70000 - 0x000000006c3ae000 	C:\Program Files\Android\Android Studio\jre\jre\bin\server\jvm.dll
0x00007ff93f400000 - 0x00007ff93f409000 	C:\Windows\SYSTEM32\WSOCK32.dll
0x00007ff93d170000 - 0x00007ff93d192000 	C:\Windows\SYSTEM32\WINMM.dll
0x00007ff942200000 - 0x00007ff942207000 	C:\Windows\system32\PSAPI.DLL
0x00007ff942800000 - 0x00007ff94285a000 	C:\Windows\system32\WS2_32.dll
0x00007ff93ec50000 - 0x00007ff93ec7a000 	C:\Windows\SYSTEM32\WINMMBASE.dll
0x00007ff942a20000 - 0x00007ff942a29000 	C:\Windows\system32\NSI.dll
0x00007ff940930000 - 0x00007ff940958000 	C:\Windows\SYSTEM32\DEVOBJ.dll
0x00007ff93f3d0000 - 0x00007ff93f3df000 	C:\Program Files\Android\Android Studio\jre\jre\bin\verify.dll
0x00007ff936700000 - 0x00007ff936729000 	C:\Program Files\Android\Android Studio\jre\jre\bin\java.dll
0x00007ff937a50000 - 0x00007ff937a66000 	C:\Program Files\Android\Android Studio\jre\jre\bin\zip.dll
0x00007ff943500000 - 0x00007ff944a29000 	C:\Windows\system32\SHELL32.dll
0x00007ff942fd0000 - 0x00007ff9431e2000 	C:\Windows\SYSTEM32\combase.dll
0x00007ff943350000 - 0x00007ff9433a4000 	C:\Windows\system32\SHLWAPI.dll
0x00007ff9406b0000 - 0x00007ff940762000 	C:\Windows\SYSTEM32\SHCORE.dll
0x00007ff941ab0000 - 0x00007ff941ac5000 	C:\Windows\SYSTEM32\profapi.dll

VM Arguments:
jvm_args: -Djava.awt.headless=true -Xmx1024M -Dfile.encoding=windows-1252 -Duser.country=US -Duser.language=en -Duser.variant 
java_command: com.android.dx.command.Main --dex --num-threads=4 --output D:\ITK\semester 5\android project\contoh app\EcomSample-master\app\build\intermediates\pre-dexed\debug\com.facebook.fresco-imagepipeline-base-0.14.1_7b4894ced132f5785429961e6a75295cae288c97.jar D:\ITK\semester 5\android project\contoh app\EcomSample-master\app\build\intermediates\exploded-aar\com.facebook.fresco\imagepipeline-base\0.14.1\jars\classes.jar
java_class_path (initial): C:\Users\ramaqq\AppData\Local\Android\sdk\build-tools\24.0.1\lib\dx.jar
Launcher Type: SUN_STANDARD

Environment Variables:
PATH=C:\Program Files (x86)\Common Files\Intel\Shared Files\cpp\bin\Intel64;C:\ProgramData\Oracle\Java\javapath;C:\Program Files\Rockwell Software\RSCommon;C:\Program Files (x86)\Intel\iCLS Client\;C:\Program Files\Intel\iCLS Client\;C:\Windows\system32;C:\Windows;C:\Windows\System32\Wbem;C:\Windows\System32\WindowsPowerShell\v1.0\;C:\Windows\idmu\common;C:\Program Files\Intel\Intel(R) Management Engine Components\DAL;C:\Program Files\Intel\Intel(R) Management Engine Components\IPT;C:\Program Files (x86)\Intel\Intel(R) Management Engine Components\DAL;C:\Program Files (x86)\Intel\Intel(R) Management Engine Components\IPT;C:\Program Files (x86)\NVIDIA Corporation\PhysX\Common;C:\Program Files\MATLAB\R2013a\runtime\win64;C:\Program Files\MATLAB\R2013a\bin;C:\Program Files\Git\cmd
USERNAME=ramaqq
OS=Windows_NT
PROCESSOR_IDENTIFIER=Intel64 Family 6 Model 42 Stepping 7, GenuineIntel



---------------  S Y S T E M  ---------------

OS: Windows 8.1 , 64 bit Build 9600 (6.3.9600.17415)

CPU:total 4 (initial active 4) (2 cores per cpu, 2 threads per core) family 6 model 42 stepping 7, cmov, cx8, fxsr, mmx, sse, sse2, sse3, ssse3, sse4.1, sse4.2, popcnt, avx, clmul, ht, tsc, tscinvbit

Memory: 4k page, physical 6123884k(369588k free), swap 9269612k(42012k free)

vm_info: OpenJDK 64-Bit Server VM (25.152-b01) for windows-amd64 JRE (1.8.0_152-release-915-b01), built by "builder" with MS VC++ 10.0 (VS2010)

time: Mon Dec 04 02:15:23 2017
elapsed time: 3 seconds (0d 0h 0m 3s)

