#
# There is insufficient memory for the Java Runtime Environment to continue.
# Native memory allocation (malloc) failed to allocate 36400 bytes for Chunk::new
# Possible reasons:
#   The system is out of physical RAM or swap space
#   In 32 bit mode, the process size limit was hit
# Possible solutions:
#   Reduce memory load on the system
#   Increase physical memory or swap space
#   Check if swap backing store is full
#   Use 64 bit Java on a 64 bit OS
#   Decrease Java heap size (-Xmx/-Xms)
#   Decrease number of Java threads
#   Decrease Java thread stack sizes (-Xss)
#   Set larger code cache with -XX:ReservedCodeCacheSize=
# This output file may be truncated or incomplete.
#
#  Out of Memory Error (allocation.cpp:390), pid=4712, tid=0x0000000000002168
#
# JRE version: OpenJDK Runtime Environment (8.0_152-b01) (build 1.8.0_152-release-915-b01)
# Java VM: OpenJDK 64-Bit Server VM (25.152-b01 mixed mode windows-amd64 compressed oops)
# Failed to write core dump. Minidumps are not enabled by default on client versions of Windows
#

---------------  T H R E A D  ---------------

Current thread (0x0000000014ff0800):  JavaThread "C2 CompilerThread1" daemon [_thread_in_native, id=8552, stack(0x0000000016720000,0x0000000016820000)]

Stack: [0x0000000016720000,0x0000000016820000]
[error occurred during error reporting (printing stack bounds), id 0xc0000005]

Native frames: (J=compiled Java code, j=interpreted, Vv=VM code, C=native code)


Current CompileTask:
C2:   2659 1058       4       com.android.dx.ssa.SCCP::simulateStmt (481 bytes)


---------------  P R O C E S S  ---------------

Java Threads: ( => current thread )
  0x0000000016b67800 JavaThread "pool-1-thread-4" [_thread_in_vm, id=5428, stack(0x0000000017320000,0x0000000017420000)]
  0x0000000016a8f800 JavaThread "pool-1-thread-3" [_thread_in_Java, id=9248, stack(0x0000000017220000,0x0000000017320000)]
  0x0000000016a81000 JavaThread "pool-1-thread-2" [_thread_in_Java, id=8500, stack(0x0000000017120000,0x0000000017220000)]
  0x0000000016a80800 JavaThread "pool-2-thread-1" [_thread_blocked, id=8512, stack(0x0000000017020000,0x0000000017120000)]
  0x0000000016a73800 JavaThread "pool-1-thread-1" [_thread_in_Java, id=3860, stack(0x0000000016f20000,0x0000000017020000)]
  0x0000000016941800 JavaThread "Service Thread" daemon [_thread_blocked, id=9568, stack(0x0000000016d20000,0x0000000016e20000)]
  0x0000000014ff6000 JavaThread "C1 CompilerThread2" daemon [_thread_blocked, id=3136, stack(0x0000000016820000,0x0000000016920000)]
=>0x0000000014ff0800 JavaThread "C2 CompilerThread1" daemon [_thread_in_native, id=8552, stack(0x0000000016720000,0x0000000016820000)]
  0x0000000014fed800 JavaThread "C2 CompilerThread0" daemon [_thread_in_native, id=4824, stack(0x0000000016620000,0x0000000016720000)]
  0x0000000014fec800 JavaThread "Attach Listener" daemon [_thread_blocked, id=8944, stack(0x0000000016520000,0x0000000016620000)]
  0x0000000014feb800 JavaThread "Signal Dispatcher" daemon [_thread_blocked, id=5772, stack(0x0000000016420000,0x0000000016520000)]
  0x000000000291e000 JavaThread "Finalizer" daemon [_thread_blocked, id=7020, stack(0x0000000016240000,0x0000000016340000)]
  0x0000000002912000 JavaThread "Reference Handler" daemon [_thread_blocked, id=9900, stack(0x0000000016140000,0x0000000016240000)]
  0x000000000281e000 JavaThread "main" [_thread_blocked, id=8372, stack(0x00000000026d0000,0x00000000027d0000)]

Other Threads:
  0x0000000014fb4800 VMThread [stack: 0x0000000016040000,0x0000000016140000] [id=4192]
  0x0000000015049800 WatcherThread [stack: 0x0000000016e20000,0x0000000016f20000] [id=8316]

VM state:not at safepoint (normal execution)

VM Mutex/Monitor currently owned by a thread: None

Heap:
 PSYoungGen      total 28160K, used 7126K [0x00000000eab00000, 0x00000000eca00000, 0x0000000100000000)
  eden space 24576K, 14% used [0x00000000eab00000,0x00000000eae7d878,0x00000000ec300000)
  from space 3584K, 99% used [0x00000000ec300000,0x00000000ec678048,0x00000000ec680000)
  to   space 3584K, 0% used [0x00000000ec680000,0x00000000ec680000,0x00000000eca00000)
 ParOldGen       total 64512K, used 2013K [0x00000000c0000000, 0x00000000c3f00000, 0x00000000eab00000)
  object space 64512K, 3% used [0x00000000c0000000,0x00000000c01f7448,0x00000000c3f00000)
 Metaspace       used 5867K, capacity 6896K, committed 7040K, reserved 1056768K
  class space    used 579K, capacity 616K, committed 640K, reserved 1048576K

Card table byte_map: [0x0000000011ce0000,0x0000000011ef0000] byte_map_base: 0x00000000116e0000

Marking Bits: (ParMarkBitMap*) 0x000000006c333950
 Begin Bits: [0x0000000012450000, 0x0000000013450000)
 End Bits:   [0x0000000013450000, 0x0000000014450000)

Polling page: 0x0000000000aa0000

CodeCache: size=245760Kb used=4652Kb max_used=4652Kb free=241107Kb
 bounds [0x0000000002920000, 0x0000000002db0000, 0x0000000011920000]
 total_blobs=1392 nmethods=1130 adapters=176
 compilation: enabled

Compilation events (10 events):
Event: 2.654 Thread 0x0000000014ff6000 nmethod 1130 0x0000000002da0150 code [0x0000000002da02c0, 0x0000000002da04c8]
Event: 2.654 Thread 0x0000000014ff6000 1131       3       java.util.Vector::<init> (7 bytes)
Event: 2.654 Thread 0x0000000014ff6000 nmethod 1131 0x0000000002d9fdd0 code [0x0000000002d9ff40, 0x0000000002da00c8]
Event: 2.655 Thread 0x0000000014ff6000 1132       3       java.util.Vector::<init> (49 bytes)
Event: 2.655 Thread 0x0000000014fed800 nmethod 1123 0x0000000002d9e250 code [0x0000000002d9e3a0, 0x0000000002d9e5c8]
Event: 2.655 Thread 0x0000000014fed800 1124       4       com.android.dx.ssa.SsaBasicBlock::getCountPhiInsns (45 bytes)
Event: 2.655 Thread 0x0000000014ff6000 nmethod 1132 0x0000000002d9ed50 code [0x0000000002d9ef40, 0x0000000002d9f938]
Event: 2.655 Thread 0x0000000014ff6000 1129       3       java.util.Stack::<init> (5 bytes)
Event: 2.656 Thread 0x0000000014ff6000 nmethod 1129 0x0000000002d9dd50 code [0x0000000002d9dec0, 0x0000000002d9e128]
Event: 2.656 Thread 0x0000000014ff6000 1135       3       com.android.dx.cf.code.LocalVariableList$Item::getLocalItem (12 bytes)

GC Heap History (2 events):
Event: 2.401 GC heap before
{Heap before GC invocations=1 (full 0):
 PSYoungGen      total 28160K, used 24576K [0x00000000eab00000, 0x00000000eca00000, 0x0000000100000000)
  eden space 24576K, 100% used [0x00000000eab00000,0x00000000ec300000,0x00000000ec300000)
  from space 3584K, 0% used [0x00000000ec680000,0x00000000ec680000,0x00000000eca00000)
  to   space 3584K, 0% used [0x00000000ec300000,0x00000000ec300000,0x00000000ec680000)
 ParOldGen       total 64512K, used 0K [0x00000000c0000000, 0x00000000c3f00000, 0x00000000eab00000)
  object space 64512K, 0% used [0x00000000c0000000,0x00000000c0000000,0x00000000c3f00000)
 Metaspace       used 5833K, capacity 6896K, committed 7040K, reserved 1056768K
  class space    used 579K, capacity 616K, committed 640K, reserved 1048576K
Event: 2.601 GC heap after
Heap after GC invocations=1 (full 0):
 PSYoungGen      total 28160K, used 3552K [0x00000000eab00000, 0x00000000eca00000, 0x0000000100000000)
  eden space 24576K, 0% used [0x00000000eab00000,0x00000000eab00000,0x00000000ec300000)
  from space 3584K, 99% used [0x00000000ec300000,0x00000000ec678048,0x00000000ec680000)
  to   space 3584K, 0% used [0x00000000ec680000,0x00000000ec680000,0x00000000eca00000)
 ParOldGen       total 64512K, used 2013K [0x00000000c0000000, 0x00000000c3f00000, 0x00000000eab00000)
  object space 64512K, 3% used [0x00000000c0000000,0x00000000c01f7448,0x00000000c3f00000)
 Metaspace       used 5833K, capacity 6896K, committed 7040K, reserved 1056768K
  class space    used 579K, capacity 616K, committed 640K, reserved 1048576K
}

Deoptimization events (6 events):
Event: 1.398 Thread 0x0000000016a8f800 Uncommon trap: reason=class_check action=maybe_recompile pc=0x0000000002b67ff0 method=com.android.dx.ssa.NormalSsaInsn.accept(Lcom/android/dx/ssa/SsaInsn$Visitor;)V @ 9
Event: 1.398 Thread 0x0000000016a8f800 Uncommon trap: reason=class_check action=maybe_recompile pc=0x0000000002b67ff0 method=com.android.dx.ssa.NormalSsaInsn.accept(Lcom/android/dx/ssa/SsaInsn$Visitor;)V @ 9
Event: 1.398 Thread 0x0000000016a8f800 Uncommon trap: reason=class_check action=maybe_recompile pc=0x0000000002b67ff0 method=com.android.dx.ssa.NormalSsaInsn.accept(Lcom/android/dx/ssa/SsaInsn$Visitor;)V @ 9
Event: 1.399 Thread 0x0000000016a8f800 Uncommon trap: reason=class_check action=maybe_recompile pc=0x0000000002b67ff0 method=com.android.dx.ssa.NormalSsaInsn.accept(Lcom/android/dx/ssa/SsaInsn$Visitor;)V @ 9
Event: 1.986 Thread 0x0000000016a73800 Uncommon trap: reason=unstable_if action=reinterpret pc=0x0000000002c33cdc method=com.android.dx.rop.cst.Constant.compareTo(Lcom/android/dx/rop/cst/Constant;)I @ 12
Event: 2.172 Thread 0x000000000281e000 Uncommon trap: reason=unstable_if action=reinterpret pc=0x0000000002ba62d0 method=com.android.dx.rop.code.RegisterSpec.equals(ILcom/android/dx/rop/type/TypeBearer;Lcom/android/dx/rop/code/LocalItem;)Z @ 42

Classes redefined (0 events):
No events

Internal exceptions (2 events):
Event: 0.082 Thread 0x000000000281e000 Exception <a 'java/lang/NoSuchMethodError': Method sun.misc.Unsafe.defineClass(Ljava/lang/String;[BII)Ljava/lang/Class; name or signature does not match> (0x00000000eab07ca8) thrown at [D:\src\AOSP-openjdk-cygwin\jdk8u\hotspot\src\share\vm\prims\jni.cpp, 
Event: 0.082 Thread 0x000000000281e000 Exception <a 'java/lang/NoSuchMethodError': Method sun.misc.Unsafe.prefetchRead(Ljava/lang/Object;J)V name or signature does not match> (0x00000000eab07f90) thrown at [D:\src\AOSP-openjdk-cygwin\jdk8u\hotspot\src\share\vm\prims\jni.cpp, line 4011]

Events (10 events):
Event: 2.334 Thread 0x0000000016a8f800 DEOPT PACKING pc=0x0000000002bd8c42 sp=0x000000001731e5f0
Event: 2.334 Thread 0x0000000016a8f800 DEOPT UNPACKING pc=0x00000000029675bf sp=0x000000001731e358 mode 0
Event: 2.340 loading class java/util/HashMap$KeySet
Event: 2.340 loading class java/util/HashMap$KeySet done
Event: 2.340 loading class java/util/HashMap$KeyIterator
Event: 2.340 loading class java/util/HashMap$KeyIterator done
Event: 2.393 Executing VM operation: ParallelGCFailedAllocation
Event: 2.601 Executing VM operation: ParallelGCFailedAllocation done
Event: 2.615 Thread 0x0000000016a81000 DEOPT PACKING pc=0x0000000002c75826 sp=0x000000001721ed90
Event: 2.615 Thread 0x0000000016a81000 DEOPT UNPACKING pc=0x00000000029675bf sp=0x000000001721eb70 mode 0


Dynamic libraries:
0x00007ff666d80000 - 0x00007ff666db1000 	C:\Program Files\Android\Android Studio\jre\bin\java.exe
0x00007ff944a30000 - 0x00007ff944bdd000 	C:\Windows\SYSTEM32\ntdll.dll
0x00007ff9425e0000 - 0x00007ff94271e000 	C:\Windows\system32\KERNEL32.DLL
0x00007ff941d30000 - 0x00007ff941e45000 	C:\Windows\system32\KERNELBASE.dll
0x00007ff942f20000 - 0x00007ff942fca000 	C:\Windows\system32\ADVAPI32.dll
0x00007ff942da0000 - 0x00007ff942f17000 	C:\Windows\system32\USER32.dll
0x00007ff93f870000 - 0x00007ff93faeb000 	C:\Windows\WinSxS\amd64_microsoft.windows.common-controls_6595b64144ccf1df_6.0.9600.18006_none_623f33d3ecbe86e8\COMCTL32.dll
0x00007ff942cf0000 - 0x00007ff942d9a000 	C:\Windows\system32\msvcrt.dll
0x00007ff9427a0000 - 0x00007ff9427f9000 	C:\Windows\SYSTEM32\sechost.dll
0x00007ff942af0000 - 0x00007ff942c30000 	C:\Windows\system32\RPCRT4.dll
0x00007ff9433b0000 - 0x00007ff9434fb000 	C:\Windows\system32\GDI32.dll
0x00007ff942090000 - 0x00007ff9420be000 	C:\Windows\system32\SspiCli.dll
0x00007ff942220000 - 0x00007ff942256000 	C:\Windows\system32\IMM32.DLL
0x00007ff9431f0000 - 0x00007ff943341000 	C:\Windows\system32\MSCTF.dll
0x00007ff941ae0000 - 0x00007ff941b10000 	C:\Windows\system32\nvinitx.dll
0x00007ff941ad0000 - 0x00007ff941ada000 	C:\Windows\SYSTEM32\VERSION.dll
0x000000006c450000 - 0x000000006c456000 	C:\Program Files\NVIDIA Corporation\CoProcManager\_etoured.dll
0x00007ff93f590000 - 0x00007ff93f5c8000 	C:\Program Files\NVIDIA Corporation\CoProcManager\nvd3d9wrapx.dll
0x00007ff942400000 - 0x00007ff9425da000 	C:\Windows\system32\SETUPAPI.dll
0x00007ff941c30000 - 0x00007ff941c7f000 	C:\Windows\system32\CFGMGR32.dll
0x00007ff93f540000 - 0x00007ff93f564000 	C:\Program Files\NVIDIA Corporation\CoProcManager\nvdxgiwrapx.dll
0x000000006ba90000 - 0x000000006bb62000 	C:\Program Files\Android\Android Studio\jre\jre\bin\msvcr100.dll
0x000000006bb70000 - 0x000000006c3ae000 	C:\Program Files\Android\Android Studio\jre\jre\bin\server\jvm.dll
0x00007ff93f400000 - 0x00007ff93f409000 	C:\Windows\SYSTEM32\WSOCK32.dll
0x00007ff93d170000 - 0x00007ff93d192000 	C:\Windows\SYSTEM32\WINMM.dll
0x00007ff942200000 - 0x00007ff942207000 	C:\Windows\system32\PSAPI.DLL
0x00007ff942800000 - 0x00007ff94285a000 	C:\Windows\system32\WS2_32.dll
0x00007ff93ec50000 - 0x00007ff93ec7a000 	C:\Windows\SYSTEM32\WINMMBASE.dll
0x00007ff942a20000 - 0x00007ff942a29000 	C:\Windows\system32\NSI.dll
0x00007ff940930000 - 0x00007ff940958000 	C:\Windows\SYSTEM32\DEVOBJ.dll
0x00007ff93f3d0000 - 0x00007ff93f3df000 	C:\Program Files\Android\Android Studio\jre\jre\bin\verify.dll
0x00007ff936700000 - 0x00007ff936729000 	C:\Program Files\Android\Android Studio\jre\jre\bin\java.dll
0x00007ff937a50000 - 0x00007ff937a66000 	C:\Program Files\Android\Android Studio\jre\jre\bin\zip.dll
0x00007ff943500000 - 0x00007ff944a29000 	C:\Windows\system32\SHELL32.dll
0x00007ff942fd0000 - 0x00007ff9431e2000 	C:\Windows\SYSTEM32\combase.dll
0x00007ff943350000 - 0x00007ff9433a4000 	C:\Windows\system32\SHLWAPI.dll
0x00007ff9406b0000 - 0x00007ff940762000 	C:\Windows\SYSTEM32\SHCORE.dll
0x00007ff941ab0000 - 0x00007ff941ac5000 	C:\Windows\SYSTEM32\profapi.dll

VM Arguments:
jvm_args: -Djava.awt.headless=true -Xmx1024M -Dfile.encoding=windows-1252 -Duser.country=US -Duser.language=en -Duser.variant 
java_command: com.android.dx.command.Main --dex --num-threads=4 --output D:\ITK\semester 5\android project\contoh app\EcomSample-master\app\build\intermediates\pre-dexed\debug\com.android.support-support-vector-drawable-24.2.1_d1db8281a1f27bfba0464a57b492ad0afaef9503.jar D:\ITK\semester 5\android project\contoh app\EcomSample-master\app\build\intermediates\exploded-aar\com.android.support\support-vector-drawable\24.2.1\jars\classes.jar
java_class_path (initial): C:\Users\ramaqq\AppData\Local\Android\sdk\build-tools\24.0.1\lib\dx.jar
Launcher Type: SUN_STANDARD

Environment Variables:
PATH=C:\Program Files (x86)\Common Files\Intel\Shared Files\cpp\bin\Intel64;C:\ProgramData\Oracle\Java\javapath;C:\Program Files\Rockwell Software\RSCommon;C:\Program Files (x86)\Intel\iCLS Client\;C:\Program Files\Intel\iCLS Client\;C:\Windows\system32;C:\Windows;C:\Windows\System32\Wbem;C:\Windows\System32\WindowsPowerShell\v1.0\;C:\Windows\idmu\common;C:\Program Files\Intel\Intel(R) Management Engine Components\DAL;C:\Program Files\Intel\Intel(R) Management Engine Components\IPT;C:\Program Files (x86)\Intel\Intel(R) Management Engine Components\DAL;C:\Program Files (x86)\Intel\Intel(R) Management Engine Components\IPT;C:\Program Files (x86)\NVIDIA Corporation\PhysX\Common;C:\Program Files\MATLAB\R2013a\runtime\win64;C:\Program Files\MATLAB\R2013a\bin;C:\Program Files\Git\cmd
USERNAME=ramaqq
OS=Windows_NT
PROCESSOR_IDENTIFIER=Intel64 Family 6 Model 42 Stepping 7, GenuineIntel



---------------  S Y S T E M  ---------------

OS: Windows 8.1 , 64 bit Build 9600 (6.3.9600.17415)

CPU:total 4 (initial active 4) (2 cores per cpu, 2 threads per core) family 6 model 42 stepping 7, cmov, cx8, fxsr, mmx, sse, sse2, sse3, ssse3, sse4.1, sse4.2, popcnt, avx, clmul, ht, tsc, tscinvbit

Memory: 4k page, physical 6123884k(516624k free), swap 9269612k(5032k free)

vm_info: OpenJDK 64-Bit Server VM (25.152-b01) for windows-amd64 JRE (1.8.0_152-release-915-b01), built by "builder" with MS VC++ 10.0 (VS2010)

time: Mon Dec 04 02:15:49 2017
elapsed time: 2 seconds (0d 0h 0m 2s)

