#
# There is insufficient memory for the Java Runtime Environment to continue.
# Native memory allocation (malloc) failed to allocate 770736 bytes for Chunk::new
# Possible reasons:
#   The system is out of physical RAM or swap space
#   In 32 bit mode, the process size limit was hit
# Possible solutions:
#   Reduce memory load on the system
#   Increase physical memory or swap space
#   Check if swap backing store is full
#   Use 64 bit Java on a 64 bit OS
#   Decrease Java heap size (-Xmx/-Xms)
#   Decrease number of Java threads
#   Decrease Java thread stack sizes (-Xss)
#   Set larger code cache with -XX:ReservedCodeCacheSize=
# This output file may be truncated or incomplete.
#
#  Out of Memory Error (allocation.cpp:390), pid=10064, tid=0x0000000000001124
#
# JRE version: OpenJDK Runtime Environment (8.0_152-b01) (build 1.8.0_152-release-915-b01)
# Java VM: OpenJDK 64-Bit Server VM (25.152-b01 mixed mode windows-amd64 compressed oops)
# Failed to write core dump. Minidumps are not enabled by default on client versions of Windows
#

---------------  T H R E A D  ---------------

Current thread (0x0000000015396000):  JavaThread "C2 CompilerThread1" daemon [_thread_in_native, id=4388, stack(0x0000000016a70000,0x0000000016b70000)]

Stack: [0x0000000016a70000,0x0000000016b70000]
[error occurred during error reporting (printing stack bounds), id 0xc0000005]

Native frames: (J=compiled Java code, j=interpreted, Vv=VM code, C=native code)


Current CompileTask:
C2:  14806 1570   !   4       com.android.dx.cf.code.BytecodeArray::parseInstruction (2764 bytes)


---------------  P R O C E S S  ---------------

Java Threads: ( => current thread )
  0x0000000016ed4800 JavaThread "pool-1-thread-4" [_thread_blocked, id=6720, stack(0x0000000017670000,0x0000000017770000)]
  0x0000000016ed4000 JavaThread "pool-1-thread-3" [_thread_in_Java, id=9048, stack(0x0000000017570000,0x0000000017670000)]
  0x0000000016ed1800 JavaThread "pool-1-thread-2" [_thread_in_Java, id=3332, stack(0x0000000017470000,0x0000000017570000)]
  0x0000000016ef9800 JavaThread "pool-2-thread-1" [_thread_blocked, id=5276, stack(0x0000000017370000,0x0000000017470000)]
  0x0000000016ef7000 JavaThread "pool-1-thread-1" [_thread_in_Java, id=9468, stack(0x0000000017270000,0x0000000017370000)]
  0x0000000016c7a000 JavaThread "Service Thread" daemon [_thread_blocked, id=3996, stack(0x0000000017070000,0x0000000017170000)]
  0x000000001539b800 JavaThread "C1 CompilerThread2" daemon [_thread_blocked, id=8544, stack(0x0000000016b70000,0x0000000016c70000)]
=>0x0000000015396000 JavaThread "C2 CompilerThread1" daemon [_thread_in_native, id=4388, stack(0x0000000016a70000,0x0000000016b70000)]
  0x000000001533c800 JavaThread "C2 CompilerThread0" daemon [_thread_in_native, id=6752, stack(0x0000000016970000,0x0000000016a70000)]
  0x000000001533b800 JavaThread "Attach Listener" daemon [_thread_blocked, id=10208, stack(0x0000000016870000,0x0000000016970000)]
  0x000000001533a000 JavaThread "Signal Dispatcher" daemon [_thread_blocked, id=5660, stack(0x0000000016770000,0x0000000016870000)]
  0x0000000002c6c000 JavaThread "Finalizer" daemon [_thread_blocked, id=8900, stack(0x0000000016590000,0x0000000016690000)]
  0x0000000002c62000 JavaThread "Reference Handler" daemon [_thread_blocked, id=260, stack(0x0000000016490000,0x0000000016590000)]
  0x0000000000e3e000 JavaThread "main" [_thread_in_vm, id=1700, stack(0x00000000029c0000,0x0000000002ac0000)]

Other Threads:
  0x0000000015305000 VMThread [stack: 0x0000000016390000,0x0000000016490000] [id=4500]
  0x0000000016c7c800 WatcherThread [stack: 0x0000000017170000,0x0000000017270000] [id=9252]

VM state:not at safepoint (normal execution)

VM Mutex/Monitor currently owned by a thread: None

Heap:
 PSYoungGen      total 52736K, used 34785K [0x00000000eab00000, 0x00000000ee200000, 0x0000000100000000)
  eden space 49152K, 63% used [0x00000000eab00000,0x00000000ec97bd00,0x00000000edb00000)
  from space 3584K, 99% used [0x00000000ede80000,0x00000000ee1fc720,0x00000000ee200000)
  to   space 3584K, 0% used [0x00000000edb00000,0x00000000edb00000,0x00000000ede80000)
 ParOldGen       total 64512K, used 4851K [0x00000000c0000000, 0x00000000c3f00000, 0x00000000eab00000)
  object space 64512K, 7% used [0x00000000c0000000,0x00000000c04bcc00,0x00000000c3f00000)
 Metaspace       used 6219K, capacity 7090K, committed 7296K, reserved 1056768K
  class space    used 597K, capacity 618K, committed 640K, reserved 1048576K

Card table byte_map: [0x0000000012030000,0x0000000012240000] byte_map_base: 0x0000000011a30000

Marking Bits: (ParMarkBitMap*) 0x000000006c333950
 Begin Bits: [0x00000000127a0000, 0x00000000137a0000)
 End Bits:   [0x00000000137a0000, 0x00000000147a0000)

Polling page: 0x0000000000e20000

CodeCache: size=245760Kb used=7140Kb max_used=7140Kb free=238619Kb
 bounds [0x0000000002c70000, 0x0000000003380000, 0x0000000011c70000]
 total_blobs=1821 nmethods=1558 adapters=176
 compilation: enabled

Compilation events (10 events):
Event: 14.697 Thread 0x000000001539b800 1579       3       com.android.dx.rop.cst.CstFieldRef::<init> (7 bytes)
Event: 14.697 Thread 0x000000001539b800 nmethod 1579 0x00000000033255d0 code [0x0000000003325740, 0x00000000033258c8]
Event: 14.704 Thread 0x000000001539b800 1581       3       com.android.dx.dex.code.OutputFinisher::hasLocalInfo (20 bytes)
Event: 14.704 Thread 0x000000001539b800 nmethod 1581 0x0000000003325110 code [0x0000000003325280, 0x0000000003325510]
Event: 14.707 Thread 0x000000001539b800 1582       3       com.android.dx.rop.code.Insn::contentEquals (84 bytes)
Event: 14.708 Thread 0x000000001539b800 nmethod 1582 0x0000000003349090 code [0x0000000003349280, 0x0000000003349eb8]
Event: 14.709 Thread 0x000000001539b800 1583       3       com.android.dx.ssa.PhiTypeResolver::equalsHandlesNulls (23 bytes)
Event: 14.709 Thread 0x000000001539b800 nmethod 1583 0x0000000003348990 code [0x0000000003348b20, 0x0000000003348f68]
Event: 14.710 Thread 0x000000001539b800 1584       3       com.android.dx.rop.code.Rops::opIfEq (17 bytes)
Event: 14.710 Thread 0x000000001539b800 nmethod 1584 0x0000000003348610 code [0x0000000003348780, 0x0000000003348908]

GC Heap History (4 events):
Event: 8.883 GC heap before
{Heap before GC invocations=1 (full 0):
 PSYoungGen      total 28160K, used 24576K [0x00000000eab00000, 0x00000000eca00000, 0x0000000100000000)
  eden space 24576K, 100% used [0x00000000eab00000,0x00000000ec300000,0x00000000ec300000)
  from space 3584K, 0% used [0x00000000ec680000,0x00000000ec680000,0x00000000eca00000)
  to   space 3584K, 0% used [0x00000000ec300000,0x00000000ec300000,0x00000000ec680000)
 ParOldGen       total 64512K, used 0K [0x00000000c0000000, 0x00000000c3f00000, 0x00000000eab00000)
  object space 64512K, 0% used [0x00000000c0000000,0x00000000c0000000,0x00000000c3f00000)
 Metaspace       used 5844K, capacity 6896K, committed 7040K, reserved 1056768K
  class space    used 572K, capacity 616K, committed 640K, reserved 1048576K
Event: 10.052 GC heap after
Heap after GC invocations=1 (full 0):
 PSYoungGen      total 28160K, used 3562K [0x00000000eab00000, 0x00000000ee200000, 0x0000000100000000)
  eden space 24576K, 0% used [0x00000000eab00000,0x00000000eab00000,0x00000000ec300000)
  from space 3584K, 99% used [0x00000000ec300000,0x00000000ec67aac8,0x00000000ec680000)
  to   space 3584K, 0% used [0x00000000ede80000,0x00000000ede80000,0x00000000ee200000)
 ParOldGen       total 64512K, used 1586K [0x00000000c0000000, 0x00000000c3f00000, 0x00000000eab00000)
  object space 64512K, 2% used [0x00000000c0000000,0x00000000c018c998,0x00000000c3f00000)
 Metaspace       used 5844K, capacity 6896K, committed 7040K, reserved 1056768K
  class space    used 572K, capacity 616K, committed 640K, reserved 1048576K
}
Event: 12.630 GC heap before
{Heap before GC invocations=2 (full 0):
 PSYoungGen      total 28160K, used 28138K [0x00000000eab00000, 0x00000000ee200000, 0x0000000100000000)
  eden space 24576K, 100% used [0x00000000eab00000,0x00000000ec300000,0x00000000ec300000)
  from space 3584K, 99% used [0x00000000ec300000,0x00000000ec67aac8,0x00000000ec680000)
  to   space 3584K, 0% used [0x00000000ede80000,0x00000000ede80000,0x00000000ee200000)
 ParOldGen       total 64512K, used 1586K [0x00000000c0000000, 0x00000000c3f00000, 0x00000000eab00000)
  object space 64512K, 2% used [0x00000000c0000000,0x00000000c018c998,0x00000000c3f00000)
 Metaspace       used 6067K, capacity 7024K, committed 7296K, reserved 1056768K
  class space    used 575K, capacity 616K, committed 640K, reserved 1048576K
Event: 12.894 GC heap after
Heap after GC invocations=2 (full 0):
 PSYoungGen      total 52736K, used 3569K [0x00000000eab00000, 0x00000000ee200000, 0x0000000100000000)
  eden space 49152K, 0% used [0x00000000eab00000,0x00000000eab00000,0x00000000edb00000)
  from space 3584K, 99% used [0x00000000ede80000,0x00000000ee1fc720,0x00000000ee200000)
  to   space 3584K, 0% used [0x00000000edb00000,0x00000000edb00000,0x00000000ede80000)
 ParOldGen       total 64512K, used 4851K [0x00000000c0000000, 0x00000000c3f00000, 0x00000000eab00000)
  object space 64512K, 7% used [0x00000000c0000000,0x00000000c04bcc00,0x00000000c3f00000)
 Metaspace       used 6067K, capacity 7024K, committed 7296K, reserved 1056768K
  class space    used 575K, capacity 616K, committed 640K, reserved 1048576K
}

Deoptimization events (10 events):
Event: 11.668 Thread 0x0000000016ed4000 Uncommon trap: reason=uninitialized action=reinterpret pc=0x00000000031a1a38 method=com.android.dx.cf.code.BytecodeArray.parseInstruction(ILcom/android/dx/cf/code/BytecodeArray$Visitor;)I @ 1031
Event: 13.079 Thread 0x0000000000e3e000 Uncommon trap: reason=unstable_if action=reinterpret pc=0x0000000003273390 method=com.android.dx.ssa.SCCP.simulateBranch(Lcom/android/dx/ssa/SsaInsn;)V @ 64
Event: 14.171 Thread 0x0000000000e3e000 Uncommon trap: reason=bimorphic action=maybe_recompile pc=0x00000000032ee424 method=com.android.dx.cf.code.BytecodeArray.parseInstruction(ILcom/android/dx/cf/code/BytecodeArray$Visitor;)I @ 907
Event: 14.171 Thread 0x0000000000e3e000 Uncommon trap: reason=bimorphic action=maybe_recompile pc=0x00000000032ee424 method=com.android.dx.cf.code.BytecodeArray.parseInstruction(ILcom/android/dx/cf/code/BytecodeArray$Visitor;)I @ 907
Event: 14.171 Thread 0x0000000000e3e000 Uncommon trap: reason=bimorphic action=maybe_recompile pc=0x00000000032ee424 method=com.android.dx.cf.code.BytecodeArray.parseInstruction(ILcom/android/dx/cf/code/BytecodeArray$Visitor;)I @ 907
Event: 14.171 Thread 0x0000000000e3e000 Uncommon trap: reason=bimorphic action=maybe_recompile pc=0x00000000032ee424 method=com.android.dx.cf.code.BytecodeArray.parseInstruction(ILcom/android/dx/cf/code/BytecodeArray$Visitor;)I @ 907
Event: 14.482 Thread 0x0000000016ed1800 Uncommon trap: reason=class_check action=maybe_recompile pc=0x00000000032da468 method=com.android.dx.rop.code.RegisterSpec.withSimpleType()Lcom/android/dx/rop/code/RegisterSpec; @ 21
Event: 14.482 Thread 0x0000000016ed1800 Uncommon trap: reason=class_check action=maybe_recompile pc=0x00000000032da468 method=com.android.dx.rop.code.RegisterSpec.withSimpleType()Lcom/android/dx/rop/code/RegisterSpec; @ 21
Event: 14.489 Thread 0x0000000016ed1800 Uncommon trap: reason=unstable_if action=reinterpret pc=0x00000000030b0004 method=java.util.HashMap.putVal(ILjava/lang/Object;Ljava/lang/Object;ZZ)Ljava/lang/Object; @ 162
Event: 14.622 Thread 0x0000000016ed1800 Uncommon trap: reason=unstable_if action=reinterpret pc=0x00000000031445f8 method=java.util.HashMap.getNode(ILjava/lang/Object;)Ljava/util/HashMap$Node; @ 84

Classes redefined (0 events):
No events

Internal exceptions (6 events):
Event: 0.880 Thread 0x0000000000e3e000 Exception <a 'java/lang/NoSuchMethodError': Method sun.misc.Unsafe.defineClass(Ljava/lang/String;[BII)Ljava/lang/Class; name or signature does not match> (0x00000000eab07ca8) thrown at [D:\src\AOSP-openjdk-cygwin\jdk8u\hotspot\src\share\vm\prims\jni.cpp, 
Event: 0.881 Thread 0x0000000000e3e000 Exception <a 'java/lang/NoSuchMethodError': Method sun.misc.Unsafe.prefetchRead(Ljava/lang/Object;J)V name or signature does not match> (0x00000000eab07f90) thrown at [D:\src\AOSP-openjdk-cygwin\jdk8u\hotspot\src\share\vm\prims\jni.cpp, line 4011]
Event: 10.067 Thread 0x0000000016ed1800 Implicit null exception at 0x0000000003094f33 to 0x0000000003097455
Event: 14.610 Thread 0x0000000016ed1800 Exception <a 'java/lang/ArrayIndexOutOfBoundsException': 18> (0x00000000ec45bdb8) thrown at [D:\src\AOSP-openjdk-cygwin\jdk8u\hotspot\src\share\vm\interpreter\interpreterRuntime.cpp, line 366]
Event: 14.611 Thread 0x0000000016ed1800 Exception <a 'java/lang/ArrayIndexOutOfBoundsException'> (0x00000000ec45d938) thrown at [D:\src\AOSP-openjdk-cygwin\jdk8u\hotspot\src\share\vm\runtime\sharedRuntime.cpp, line 605]
Event: 14.621 Thread 0x0000000016ed1800 Exception <a 'java/lang/ArrayIndexOutOfBoundsException'> (0x00000000ec45ec20) thrown at [D:\src\AOSP-openjdk-cygwin\jdk8u\hotspot\src\share\vm\runtime\sharedRuntime.cpp, line 605]

Events (10 events):
Event: 14.611 loading class sun/reflect/generics/reflectiveObjects/ParameterizedTypeImpl done
Event: 14.621 loading class java/lang/reflect/TypeVariable
Event: 14.621 loading class java/lang/reflect/TypeVariable done
Event: 14.621 loading class sun/reflect/generics/reflectiveObjects/TypeVariableImpl
Event: 14.621 loading class sun/reflect/generics/reflectiveObjects/LazyReflectiveObjectGenerator
Event: 14.621 loading class sun/reflect/generics/reflectiveObjects/LazyReflectiveObjectGenerator done
Event: 14.621 loading class sun/reflect/generics/reflectiveObjects/TypeVariableImpl done
Event: 14.622 Thread 0x0000000016ed1800 Uncommon trap: trap_request=0xffffff65 fr.pc=0x00000000031445f8
Event: 14.622 Thread 0x0000000016ed1800 DEOPT PACKING pc=0x00000000031445f8 sp=0x000000001756e630
Event: 14.622 Thread 0x0000000016ed1800 DEOPT UNPACKING pc=0x0000000002cb556a sp=0x000000001756e5b8 mode 2


Dynamic libraries:
0x00007ff666d80000 - 0x00007ff666db1000 	C:\Program Files\Android\Android Studio\jre\bin\java.exe
0x00007ff944a30000 - 0x00007ff944bdd000 	C:\Windows\SYSTEM32\ntdll.dll
0x00007ff9425e0000 - 0x00007ff94271e000 	C:\Windows\system32\KERNEL32.DLL
0x00007ff941d30000 - 0x00007ff941e45000 	C:\Windows\system32\KERNELBASE.dll
0x00007ff942f20000 - 0x00007ff942fca000 	C:\Windows\system32\ADVAPI32.dll
0x00007ff942da0000 - 0x00007ff942f17000 	C:\Windows\system32\USER32.dll
0x00007ff93f870000 - 0x00007ff93faeb000 	C:\Windows\WinSxS\amd64_microsoft.windows.common-controls_6595b64144ccf1df_6.0.9600.18006_none_623f33d3ecbe86e8\COMCTL32.dll
0x00007ff942cf0000 - 0x00007ff942d9a000 	C:\Windows\system32\msvcrt.dll
0x00007ff9427a0000 - 0x00007ff9427f9000 	C:\Windows\SYSTEM32\sechost.dll
0x00007ff942af0000 - 0x00007ff942c30000 	C:\Windows\system32\RPCRT4.dll
0x00007ff9433b0000 - 0x00007ff9434fb000 	C:\Windows\system32\GDI32.dll
0x00007ff942090000 - 0x00007ff9420be000 	C:\Windows\system32\SspiCli.dll
0x00007ff942220000 - 0x00007ff942256000 	C:\Windows\system32\IMM32.DLL
0x00007ff9431f0000 - 0x00007ff943341000 	C:\Windows\system32\MSCTF.dll
0x00007ff941ae0000 - 0x00007ff941b10000 	C:\Windows\system32\nvinitx.dll
0x00007ff941ad0000 - 0x00007ff941ada000 	C:\Windows\SYSTEM32\VERSION.dll
0x000000006c450000 - 0x000000006c456000 	C:\Program Files\NVIDIA Corporation\CoProcManager\_etoured.dll
0x00007ff93f590000 - 0x00007ff93f5c8000 	C:\Program Files\NVIDIA Corporation\CoProcManager\nvd3d9wrapx.dll
0x00007ff942400000 - 0x00007ff9425da000 	C:\Windows\system32\SETUPAPI.dll
0x00007ff941c30000 - 0x00007ff941c7f000 	C:\Windows\system32\CFGMGR32.dll
0x00007ff93f540000 - 0x00007ff93f564000 	C:\Program Files\NVIDIA Corporation\CoProcManager\nvdxgiwrapx.dll
0x000000006ba90000 - 0x000000006bb62000 	C:\Program Files\Android\Android Studio\jre\jre\bin\msvcr100.dll
0x000000006bb70000 - 0x000000006c3ae000 	C:\Program Files\Android\Android Studio\jre\jre\bin\server\jvm.dll
0x00007ff93f400000 - 0x00007ff93f409000 	C:\Windows\SYSTEM32\WSOCK32.dll
0x00007ff93d170000 - 0x00007ff93d192000 	C:\Windows\SYSTEM32\WINMM.dll
0x00007ff942200000 - 0x00007ff942207000 	C:\Windows\system32\PSAPI.DLL
0x00007ff942800000 - 0x00007ff94285a000 	C:\Windows\system32\WS2_32.dll
0x00007ff93ec50000 - 0x00007ff93ec7a000 	C:\Windows\SYSTEM32\WINMMBASE.dll
0x00007ff942a20000 - 0x00007ff942a29000 	C:\Windows\system32\NSI.dll
0x00007ff940930000 - 0x00007ff940958000 	C:\Windows\SYSTEM32\DEVOBJ.dll
0x00007ff93f3d0000 - 0x00007ff93f3df000 	C:\Program Files\Android\Android Studio\jre\jre\bin\verify.dll
0x00007ff936700000 - 0x00007ff936729000 	C:\Program Files\Android\Android Studio\jre\jre\bin\java.dll
0x00007ff937a50000 - 0x00007ff937a66000 	C:\Program Files\Android\Android Studio\jre\jre\bin\zip.dll
0x00007ff943500000 - 0x00007ff944a29000 	C:\Windows\system32\SHELL32.dll
0x00007ff942fd0000 - 0x00007ff9431e2000 	C:\Windows\SYSTEM32\combase.dll
0x00007ff943350000 - 0x00007ff9433a4000 	C:\Windows\system32\SHLWAPI.dll
0x00007ff9406b0000 - 0x00007ff940762000 	C:\Windows\SYSTEM32\SHCORE.dll
0x00007ff941ab0000 - 0x00007ff941ac5000 	C:\Windows\SYSTEM32\profapi.dll

VM Arguments:
jvm_args: -Djava.awt.headless=true -Xmx1024M -Dfile.encoding=windows-1252 -Duser.country=US -Duser.language=en -Duser.variant 
java_command: com.android.dx.command.Main --dex --num-threads=4 --output D:\ITK\semester 5\android project\contoh app\EcomSample-master\app\build\intermediates\pre-dexed\debug\com.android.support-recyclerview-v7-24.2.1_070a89ddf2d65ac89a7ea64d64ad9bf1801f7939.jar D:\ITK\semester 5\android project\contoh app\EcomSample-master\app\build\intermediates\exploded-aar\com.android.support\recyclerview-v7\24.2.1\jars\classes.jar
java_class_path (initial): C:\Users\ramaqq\AppData\Local\Android\sdk\build-tools\24.0.1\lib\dx.jar
Launcher Type: SUN_STANDARD

Environment Variables:
PATH=C:\Program Files (x86)\Common Files\Intel\Shared Files\cpp\bin\Intel64;C:\ProgramData\Oracle\Java\javapath;C:\Program Files\Rockwell Software\RSCommon;C:\Program Files (x86)\Intel\iCLS Client\;C:\Program Files\Intel\iCLS Client\;C:\Windows\system32;C:\Windows;C:\Windows\System32\Wbem;C:\Windows\System32\WindowsPowerShell\v1.0\;C:\Windows\idmu\common;C:\Program Files\Intel\Intel(R) Management Engine Components\DAL;C:\Program Files\Intel\Intel(R) Management Engine Components\IPT;C:\Program Files (x86)\Intel\Intel(R) Management Engine Components\DAL;C:\Program Files (x86)\Intel\Intel(R) Management Engine Components\IPT;C:\Program Files (x86)\NVIDIA Corporation\PhysX\Common;C:\Program Files\MATLAB\R2013a\runtime\win64;C:\Program Files\MATLAB\R2013a\bin;C:\Program Files\Git\cmd
USERNAME=ramaqq
OS=Windows_NT
PROCESSOR_IDENTIFIER=Intel64 Family 6 Model 42 Stepping 7, GenuineIntel



---------------  S Y S T E M  ---------------

OS: Windows 8.1 , 64 bit Build 9600 (6.3.9600.17415)

CPU:total 4 (initial active 4) (2 cores per cpu, 2 threads per core) family 6 model 42 stepping 7, cmov, cx8, fxsr, mmx, sse, sse2, sse3, ssse3, sse4.1, sse4.2, popcnt, avx, clmul, ht, tsc, tscinvbit

Memory: 4k page, physical 6123884k(410988k free), swap 9269612k(6824k free)

vm_info: OpenJDK 64-Bit Server VM (25.152-b01) for windows-amd64 JRE (1.8.0_152-release-915-b01), built by "builder" with MS VC++ 10.0 (VS2010)

time: Mon Dec 04 02:19:21 2017
elapsed time: 14 seconds (0d 0h 0m 14s)

